Offset 00004000 : 04030201
Offset 00004004 : 04030201
Offset 00004008 : 00000201
Offset 0000400c : 00000001
Offset 00004010 : 00000201
Offset 00004014 : 00000001
Offset 00004018 : 00000302
Offset 0000401c : 00000002
Offset 00004020 : 00000302
Offset 00004024 : 00000002
Offset 00004028 : 00000403
Offset 0000402c : 00000003
Offset 00004030 : 00000403
Offset 00004034 : 00000003
Offset 00004038 : 00000004
Offset 0000403c : 00000004
Offset 00004040 : 00000004
Offset 00004044 : 00000004
Offset 00004048 : efefefef
Offset 0000404c : beefbeef
Offset 00004050 : xxxxxxxx
Offset 00004054 : xxxxxxxx
Offset 00004058 : xxxxxxxx
Offset 0000405c : xxxxxxxx
Offset 00004060 : xxxxxxxx
Offset 00004064 : xxxxxxxx
Offset 00004068 : xxxxxxxx
Offset 0000406c : xxxxxxxx
Offset 00004070 : xxxxxxxx
Offset 00004074 : xxxxxxxx
Offset 00004078 : xxxxxxxx
Offset 0000407c : xxxxxxxx
Offset 00004080 : xxxxxxxx
Offset 00004084 : xxxxxxxx
Offset 00004088 : xxxxxxxx
Offset 0000408c : xxxxxxxx
Offset 00004090 : xxxxxxxx
Offset 00004094 : xxxxxxxx
Offset 00004098 : xxxxxxxx
Offset 0000409c : xxxxxxxx
Offset 000040a0 : xxxxxxxx
Offset 000040a4 : xxxxxxxx
Offset 000040a8 : xxxxxxxx
Offset 000040ac : xxxxxxxx
Offset 000040b0 : xxxxxxxx
Offset 000040b4 : xxxxxxxx
Offset 000040b8 : xxxxxxxx
Offset 000040bc : xxxxxxxx
Offset 000040c0 : xxxxxxxx
Offset 000040c4 : xxxxxxxx
Offset 000040c8 : xxxxxxxx
Offset 000040cc : xxxxxxxx
Offset 000040d0 : xxxxxxxx
Offset 000040d4 : xxxxxxxx
Offset 000040d8 : xxxxxxxx
Offset 000040dc : xxxxxxxx
Offset 000040e0 : xxxxxxxx
Offset 000040e4 : xxxxxxxx
Offset 000040e8 : xxxxxxxx
Offset 000040ec : xxxxxxxx
Offset 000040f0 : xxxxxxxx
Offset 000040f4 : xxxxxxxx
Offset 000040f8 : xxxxxxxx
Offset 000040fc : xxxxxxxx
Offset 00004100 : xxxxxxxx
Offset 00004104 : xxxxxxxx
Offset 00004108 : xxxxxxxx
Offset 0000410c : xxxxxxxx
Offset 00004110 : xxxxxxxx
Offset 00004114 : xxxxxxxx
Offset 00004118 : xxxxxxxx
Offset 0000411c : xxxxxxxx
Offset 00004120 : xxxxxxxx
Offset 00004124 : xxxxxxxx
Offset 00004128 : xxxxxxxx
Offset 0000412c : xxxxxxxx
Offset 00004130 : xxxxxxxx
Offset 00004134 : xxxxxxxx
Offset 00004138 : xxxxxxxx
Offset 0000413c : xxxxxxxx
Offset 00004140 : xxxxxxxx
Offset 00004144 : xxxxxxxx
Offset 00004148 : xxxxxxxx
Offset 0000414c : xxxxxxxx
Offset 00004150 : xxxxxxxx
Offset 00004154 : xxxxxxxx
Offset 00004158 : xxxxxxxx
Offset 0000415c : xxxxxxxx
Offset 00004160 : xxxxxxxx
Offset 00004164 : xxxxxxxx
Offset 00004168 : xxxxxxxx
Offset 0000416c : xxxxxxxx
Offset 00004170 : xxxxxxxx
Offset 00004174 : xxxxxxxx
Offset 00004178 : xxxxxxxx
Offset 0000417c : xxxxxxxx
Offset 00004180 : xxxxxxxx
Offset 00004184 : xxxxxxxx
Offset 00004188 : xxxxxxxx
Offset 0000418c : xxxxxxxx
Offset 00004190 : xxxxxxxx
Offset 00004194 : xxxxxxxx
Offset 00004198 : xxxxxxxx
Offset 0000419c : xxxxxxxx
Offset 000041a0 : xxxxxxxx
Offset 000041a4 : xxxxxxxx
Offset 000041a8 : xxxxxxxx
Offset 000041ac : xxxxxxxx
Offset 000041b0 : xxxxxxxx
Offset 000041b4 : xxxxxxxx
Offset 000041b8 : xxxxxxxx
Offset 000041bc : xxxxxxxx
Offset 000041c0 : xxxxxxxx
Offset 000041c4 : xxxxxxxx
Offset 000041c8 : xxxxxxxx
Offset 000041cc : xxxxxxxx
Offset 000041d0 : xxxxxxxx
Offset 000041d4 : xxxxxxxx
Offset 000041d8 : xxxxxxxx
Offset 000041dc : xxxxxxxx
Offset 000041e0 : xxxxxxxx
Offset 000041e4 : xxxxxxxx
Offset 000041e8 : xxxxxxxx
Offset 000041ec : xxxxxxxx
Offset 000041f0 : xxxxxxxx
Offset 000041f4 : xxxxxxxx
Offset 000041f8 : xxxxxxxx
Offset 000041fc : xxxxxxxx
Offset 00004200 : xxxxxxxx
Offset 00004204 : xxxxxxxx
Offset 00004208 : xxxxxxxx
Offset 0000420c : xxxxxxxx
Offset 00004210 : xxxxxxxx
Offset 00004214 : xxxxxxxx
Offset 00004218 : xxxxxxxx
Offset 0000421c : xxxxxxxx
Offset 00004220 : xxxxxxxx
Offset 00004224 : xxxxxxxx
Offset 00004228 : xxxxxxxx
Offset 0000422c : xxxxxxxx
Offset 00004230 : xxxxxxxx
Offset 00004234 : xxxxxxxx
Offset 00004238 : xxxxxxxx
Offset 0000423c : xxxxxxxx
Offset 00004240 : xxxxxxxx
Offset 00004244 : xxxxxxxx
Offset 00004248 : xxxxxxxx
Offset 0000424c : xxxxxxxx
Offset 00004250 : xxxxxxxx
Offset 00004254 : xxxxxxxx
Offset 00004258 : xxxxxxxx
Offset 0000425c : xxxxxxxx
Offset 00004260 : xxxxxxxx
Offset 00004264 : xxxxxxxx
Offset 00004268 : xxxxxxxx
Offset 0000426c : xxxxxxxx
Offset 00004270 : xxxxxxxx
Offset 00004274 : xxxxxxxx
Offset 00004278 : xxxxxxxx
Offset 0000427c : xxxxxxxx
Offset 00004280 : xxxxxxxx
Offset 00004284 : xxxxxxxx
Offset 00004288 : xxxxxxxx
Offset 0000428c : xxxxxxxx
Offset 00004290 : xxxxxxxx
Offset 00004294 : xxxxxxxx
Offset 00004298 : xxxxxxxx
Offset 0000429c : xxxxxxxx
Offset 000042a0 : xxxxxxxx
Offset 000042a4 : xxxxxxxx
Offset 000042a8 : xxxxxxxx
Offset 000042ac : xxxxxxxx
Offset 000042b0 : xxxxxxxx
Offset 000042b4 : xxxxxxxx
Offset 000042b8 : xxxxxxxx
Offset 000042bc : xxxxxxxx
Offset 000042c0 : xxxxxxxx
Offset 000042c4 : xxxxxxxx
Offset 000042c8 : xxxxxxxx
Offset 000042cc : xxxxxxxx
Offset 000042d0 : xxxxxxxx
Offset 000042d4 : xxxxxxxx
Offset 000042d8 : xxxxxxxx
Offset 000042dc : xxxxxxxx
Offset 000042e0 : xxxxxxxx
Offset 000042e4 : xxxxxxxx
Offset 000042e8 : xxxxxxxx
Offset 000042ec : xxxxxxxx
Offset 000042f0 : xxxxxxxx
Offset 000042f4 : xxxxxxxx
Offset 000042f8 : xxxxxxxx
Offset 000042fc : xxxxxxxx
Offset 00004300 : xxxxxxxx
Offset 00004304 : xxxxxxxx
Offset 00004308 : xxxxxxxx
Offset 0000430c : xxxxxxxx
Offset 00004310 : xxxxxxxx
Offset 00004314 : xxxxxxxx
Offset 00004318 : xxxxxxxx
Offset 0000431c : xxxxxxxx
Offset 00004320 : xxxxxxxx
Offset 00004324 : xxxxxxxx
Offset 00004328 : xxxxxxxx
Offset 0000432c : xxxxxxxx
Offset 00004330 : xxxxxxxx
Offset 00004334 : xxxxxxxx
Offset 00004338 : xxxxxxxx
Offset 0000433c : xxxxxxxx
Offset 00004340 : xxxxxxxx
Offset 00004344 : xxxxxxxx
Offset 00004348 : xxxxxxxx
Offset 0000434c : xxxxxxxx
Offset 00004350 : xxxxxxxx
Offset 00004354 : xxxxxxxx
Offset 00004358 : xxxxxxxx
Offset 0000435c : xxxxxxxx
Offset 00004360 : xxxxxxxx
Offset 00004364 : xxxxxxxx
Offset 00004368 : xxxxxxxx
Offset 0000436c : xxxxxxxx
Offset 00004370 : xxxxxxxx
Offset 00004374 : xxxxxxxx
Offset 00004378 : xxxxxxxx
Offset 0000437c : xxxxxxxx
Offset 00004380 : xxxxxxxx
Offset 00004384 : xxxxxxxx
Offset 00004388 : xxxxxxxx
Offset 0000438c : xxxxxxxx
Offset 00004390 : xxxxxxxx
Offset 00004394 : xxxxxxxx
Offset 00004398 : xxxxxxxx
Offset 0000439c : xxxxxxxx
Offset 000043a0 : xxxxxxxx
Offset 000043a4 : xxxxxxxx
Offset 000043a8 : xxxxxxxx
Offset 000043ac : xxxxxxxx
Offset 000043b0 : xxxxxxxx
Offset 000043b4 : xxxxxxxx
Offset 000043b8 : xxxxxxxx
Offset 000043bc : xxxxxxxx
Offset 000043c0 : xxxxxxxx
Offset 000043c4 : xxxxxxxx
Offset 000043c8 : xxxxxxxx
Offset 000043cc : xxxxxxxx
Offset 000043d0 : xxxxxxxx
Offset 000043d4 : xxxxxxxx
Offset 000043d8 : xxxxxxxx
Offset 000043dc : xxxxxxxx
Offset 000043e0 : xxxxxxxx
Offset 000043e4 : xxxxxxxx
Offset 000043e8 : xxxxxxxx
Offset 000043ec : xxxxxxxx
Offset 000043f0 : xxxxxxxx
Offset 000043f4 : xxxxxxxx
Offset 000043f8 : xxxxxxxx
Offset 000043fc : xxxxxxxx
Offset 00004400 : xxxxxxxx
Offset 00004404 : xxxxxxxx
Offset 00004408 : xxxxxxxx
Offset 0000440c : xxxxxxxx
Offset 00004410 : xxxxxxxx
Offset 00004414 : xxxxxxxx
Offset 00004418 : xxxxxxxx
Offset 0000441c : xxxxxxxx
Offset 00004420 : xxxxxxxx
Offset 00004424 : xxxxxxxx
Offset 00004428 : xxxxxxxx
Offset 0000442c : xxxxxxxx
Offset 00004430 : xxxxxxxx
Offset 00004434 : xxxxxxxx
Offset 00004438 : xxxxxxxx
Offset 0000443c : xxxxxxxx
Offset 00004440 : xxxxxxxx
Offset 00004444 : xxxxxxxx
Offset 00004448 : xxxxxxxx
Offset 0000444c : xxxxxxxx
Offset 00004450 : xxxxxxxx
Offset 00004454 : xxxxxxxx
Offset 00004458 : xxxxxxxx
Offset 0000445c : xxxxxxxx
Offset 00004460 : xxxxxxxx
Offset 00004464 : xxxxxxxx
Offset 00004468 : xxxxxxxx
Offset 0000446c : xxxxxxxx
Offset 00004470 : xxxxxxxx
Offset 00004474 : xxxxxxxx
Offset 00004478 : xxxxxxxx
Offset 0000447c : xxxxxxxx
Offset 00004480 : xxxxxxxx
Offset 00004484 : xxxxxxxx
Offset 00004488 : xxxxxxxx
Offset 0000448c : xxxxxxxx
Offset 00004490 : xxxxxxxx
Offset 00004494 : xxxxxxxx
Offset 00004498 : xxxxxxxx
Offset 0000449c : xxxxxxxx
Offset 000044a0 : xxxxxxxx
Offset 000044a4 : xxxxxxxx
Offset 000044a8 : xxxxxxxx
Offset 000044ac : xxxxxxxx
Offset 000044b0 : xxxxxxxx
Offset 000044b4 : xxxxxxxx
Offset 000044b8 : xxxxxxxx
Offset 000044bc : xxxxxxxx
Offset 000044c0 : xxxxxxxx
Offset 000044c4 : xxxxxxxx
Offset 000044c8 : xxxxxxxx
Offset 000044cc : xxxxxxxx
Offset 000044d0 : xxxxxxxx
Offset 000044d4 : xxxxxxxx
Offset 000044d8 : xxxxxxxx
Offset 000044dc : xxxxxxxx
Offset 000044e0 : xxxxxxxx
Offset 000044e4 : xxxxxxxx
Offset 000044e8 : xxxxxxxx
Offset 000044ec : xxxxxxxx
Offset 000044f0 : xxxxxxxx
Offset 000044f4 : xxxxxxxx
Offset 000044f8 : xxxxxxxx
Offset 000044fc : xxxxxxxx
Offset 00004500 : xxxxxxxx
Offset 00004504 : xxxxxxxx
Offset 00004508 : xxxxxxxx
Offset 0000450c : xxxxxxxx
Offset 00004510 : xxxxxxxx
Offset 00004514 : xxxxxxxx
Offset 00004518 : xxxxxxxx
Offset 0000451c : xxxxxxxx
Offset 00004520 : xxxxxxxx
Offset 00004524 : xxxxxxxx
Offset 00004528 : xxxxxxxx
Offset 0000452c : xxxxxxxx
Offset 00004530 : xxxxxxxx
Offset 00004534 : xxxxxxxx
Offset 00004538 : xxxxxxxx
Offset 0000453c : xxxxxxxx
Offset 00004540 : xxxxxxxx
Offset 00004544 : xxxxxxxx
Offset 00004548 : xxxxxxxx
Offset 0000454c : xxxxxxxx
Offset 00004550 : xxxxxxxx
Offset 00004554 : xxxxxxxx
Offset 00004558 : xxxxxxxx
Offset 0000455c : xxxxxxxx
Offset 00004560 : xxxxxxxx
Offset 00004564 : xxxxxxxx
Offset 00004568 : xxxxxxxx
Offset 0000456c : xxxxxxxx
Offset 00004570 : xxxxxxxx
Offset 00004574 : xxxxxxxx
Offset 00004578 : xxxxxxxx
Offset 0000457c : xxxxxxxx
Offset 00004580 : xxxxxxxx
Offset 00004584 : xxxxxxxx
Offset 00004588 : xxxxxxxx
Offset 0000458c : xxxxxxxx
Offset 00004590 : xxxxxxxx
Offset 00004594 : xxxxxxxx
Offset 00004598 : xxxxxxxx
Offset 0000459c : xxxxxxxx
Offset 000045a0 : xxxxxxxx
Offset 000045a4 : xxxxxxxx
Offset 000045a8 : xxxxxxxx
Offset 000045ac : xxxxxxxx
Offset 000045b0 : xxxxxxxx
Offset 000045b4 : xxxxxxxx
Offset 000045b8 : xxxxxxxx
Offset 000045bc : xxxxxxxx
Offset 000045c0 : xxxxxxxx
Offset 000045c4 : xxxxxxxx
Offset 000045c8 : xxxxxxxx
Offset 000045cc : xxxxxxxx
Offset 000045d0 : xxxxxxxx
Offset 000045d4 : xxxxxxxx
Offset 000045d8 : xxxxxxxx
Offset 000045dc : xxxxxxxx
Offset 000045e0 : xxxxxxxx
Offset 000045e4 : xxxxxxxx
Offset 000045e8 : xxxxxxxx
Offset 000045ec : xxxxxxxx
Offset 000045f0 : xxxxxxxx
Offset 000045f4 : xxxxxxxx
Offset 000045f8 : xxxxxxxx
Offset 000045fc : xxxxxxxx
Offset 00004600 : xxxxxxxx
Offset 00004604 : xxxxxxxx
Offset 00004608 : xxxxxxxx
Offset 0000460c : xxxxxxxx
Offset 00004610 : xxxxxxxx
Offset 00004614 : xxxxxxxx
Offset 00004618 : xxxxxxxx
Offset 0000461c : xxxxxxxx
Offset 00004620 : xxxxxxxx
Offset 00004624 : xxxxxxxx
Offset 00004628 : xxxxxxxx
Offset 0000462c : xxxxxxxx
Offset 00004630 : xxxxxxxx
Offset 00004634 : xxxxxxxx
Offset 00004638 : xxxxxxxx
Offset 0000463c : xxxxxxxx
Offset 00004640 : xxxxxxxx
Offset 00004644 : xxxxxxxx
Offset 00004648 : xxxxxxxx
Offset 0000464c : xxxxxxxx
Offset 00004650 : xxxxxxxx
Offset 00004654 : xxxxxxxx
Offset 00004658 : xxxxxxxx
Offset 0000465c : xxxxxxxx
Offset 00004660 : xxxxxxxx
Offset 00004664 : xxxxxxxx
Offset 00004668 : xxxxxxxx
Offset 0000466c : xxxxxxxx
Offset 00004670 : xxxxxxxx
Offset 00004674 : xxxxxxxx
Offset 00004678 : xxxxxxxx
Offset 0000467c : xxxxxxxx
Offset 00004680 : xxxxxxxx
Offset 00004684 : xxxxxxxx
Offset 00004688 : xxxxxxxx
Offset 0000468c : xxxxxxxx
Offset 00004690 : xxxxxxxx
Offset 00004694 : xxxxxxxx
Offset 00004698 : xxxxxxxx
Offset 0000469c : xxxxxxxx
Offset 000046a0 : xxxxxxxx
Offset 000046a4 : xxxxxxxx
Offset 000046a8 : xxxxxxxx
Offset 000046ac : xxxxxxxx
Offset 000046b0 : xxxxxxxx
Offset 000046b4 : xxxxxxxx
Offset 000046b8 : xxxxxxxx
Offset 000046bc : xxxxxxxx
Offset 000046c0 : xxxxxxxx
Offset 000046c4 : xxxxxxxx
Offset 000046c8 : xxxxxxxx
Offset 000046cc : xxxxxxxx
Offset 000046d0 : xxxxxxxx
Offset 000046d4 : xxxxxxxx
Offset 000046d8 : xxxxxxxx
Offset 000046dc : xxxxxxxx
Offset 000046e0 : xxxxxxxx
Offset 000046e4 : xxxxxxxx
Offset 000046e8 : xxxxxxxx
Offset 000046ec : xxxxxxxx
Offset 000046f0 : xxxxxxxx
Offset 000046f4 : xxxxxxxx
Offset 000046f8 : xxxxxxxx
Offset 000046fc : xxxxxxxx
Offset 00004700 : xxxxxxxx
Offset 00004704 : xxxxxxxx
Offset 00004708 : xxxxxxxx
Offset 0000470c : xxxxxxxx
Offset 00004710 : xxxxxxxx
Offset 00004714 : xxxxxxxx
Offset 00004718 : xxxxxxxx
Offset 0000471c : xxxxxxxx
Offset 00004720 : xxxxxxxx
Offset 00004724 : xxxxxxxx
Offset 00004728 : xxxxxxxx
Offset 0000472c : xxxxxxxx
Offset 00004730 : xxxxxxxx
Offset 00004734 : xxxxxxxx
Offset 00004738 : xxxxxxxx
Offset 0000473c : xxxxxxxx
Offset 00004740 : xxxxxxxx
Offset 00004744 : xxxxxxxx
Offset 00004748 : xxxxxxxx
Offset 0000474c : xxxxxxxx
Offset 00004750 : xxxxxxxx
Offset 00004754 : xxxxxxxx
Offset 00004758 : xxxxxxxx
Offset 0000475c : xxxxxxxx
Offset 00004760 : xxxxxxxx
Offset 00004764 : xxxxxxxx
Offset 00004768 : xxxxxxxx
Offset 0000476c : xxxxxxxx
Offset 00004770 : xxxxxxxx
Offset 00004774 : xxxxxxxx
Offset 00004778 : xxxxxxxx
Offset 0000477c : xxxxxxxx
Offset 00004780 : xxxxxxxx
Offset 00004784 : xxxxxxxx
Offset 00004788 : xxxxxxxx
Offset 0000478c : xxxxxxxx
Offset 00004790 : xxxxxxxx
Offset 00004794 : xxxxxxxx
Offset 00004798 : xxxxxxxx
Offset 0000479c : xxxxxxxx
Offset 000047a0 : xxxxxxxx
Offset 000047a4 : xxxxxxxx
Offset 000047a8 : xxxxxxxx
Offset 000047ac : xxxxxxxx
Offset 000047b0 : xxxxxxxx
Offset 000047b4 : xxxxxxxx
Offset 000047b8 : xxxxxxxx
Offset 000047bc : xxxxxxxx
Offset 000047c0 : xxxxxxxx
Offset 000047c4 : xxxxxxxx
Offset 000047c8 : xxxxxxxx
Offset 000047cc : xxxxxxxx
Offset 000047d0 : xxxxxxxx
Offset 000047d4 : xxxxxxxx
Offset 000047d8 : xxxxxxxx
Offset 000047dc : xxxxxxxx
Offset 000047e0 : xxxxxxxx
Offset 000047e4 : xxxxxxxx
Offset 000047e8 : xxxxxxxx
Offset 000047ec : xxxxxxxx
Offset 000047f0 : xxxxxxxx
Offset 000047f4 : xxxxxxxx
Offset 000047f8 : xxxxxxxx
Offset 000047fc : xxxxxxxx
Offset 00004800 : xxxxxxxx
Offset 00004804 : xxxxxxxx
Offset 00004808 : xxxxxxxx
Offset 0000480c : xxxxxxxx
Offset 00004810 : xxxxxxxx
Offset 00004814 : xxxxxxxx
Offset 00004818 : xxxxxxxx
Offset 0000481c : xxxxxxxx
Offset 00004820 : xxxxxxxx
Offset 00004824 : xxxxxxxx
Offset 00004828 : xxxxxxxx
Offset 0000482c : xxxxxxxx
Offset 00004830 : xxxxxxxx
Offset 00004834 : xxxxxxxx
Offset 00004838 : xxxxxxxx
Offset 0000483c : xxxxxxxx
Offset 00004840 : xxxxxxxx
Offset 00004844 : xxxxxxxx
Offset 00004848 : xxxxxxxx
Offset 0000484c : xxxxxxxx
Offset 00004850 : xxxxxxxx
Offset 00004854 : xxxxxxxx
Offset 00004858 : xxxxxxxx
Offset 0000485c : xxxxxxxx
Offset 00004860 : xxxxxxxx
Offset 00004864 : xxxxxxxx
Offset 00004868 : xxxxxxxx
Offset 0000486c : xxxxxxxx
Offset 00004870 : xxxxxxxx
Offset 00004874 : xxxxxxxx
Offset 00004878 : xxxxxxxx
Offset 0000487c : xxxxxxxx
Offset 00004880 : xxxxxxxx
Offset 00004884 : xxxxxxxx
Offset 00004888 : xxxxxxxx
Offset 0000488c : xxxxxxxx
Offset 00004890 : xxxxxxxx
Offset 00004894 : xxxxxxxx
Offset 00004898 : xxxxxxxx
Offset 0000489c : xxxxxxxx
Offset 000048a0 : xxxxxxxx
Offset 000048a4 : xxxxxxxx
Offset 000048a8 : xxxxxxxx
Offset 000048ac : xxxxxxxx
Offset 000048b0 : xxxxxxxx
Offset 000048b4 : xxxxxxxx
Offset 000048b8 : xxxxxxxx
Offset 000048bc : xxxxxxxx
Offset 000048c0 : xxxxxxxx
Offset 000048c4 : xxxxxxxx
Offset 000048c8 : xxxxxxxx
Offset 000048cc : xxxxxxxx
Offset 000048d0 : xxxxxxxx
Offset 000048d4 : xxxxxxxx
Offset 000048d8 : xxxxxxxx
Offset 000048dc : xxxxxxxx
Offset 000048e0 : xxxxxxxx
Offset 000048e4 : xxxxxxxx
Offset 000048e8 : xxxxxxxx
Offset 000048ec : xxxxxxxx
Offset 000048f0 : xxxxxxxx
Offset 000048f4 : xxxxxxxx
Offset 000048f8 : xxxxxxxx
Offset 000048fc : xxxxxxxx
Offset 00004900 : xxxxxxxx
Offset 00004904 : xxxxxxxx
Offset 00004908 : xxxxxxxx
Offset 0000490c : xxxxxxxx
Offset 00004910 : xxxxxxxx
Offset 00004914 : xxxxxxxx
Offset 00004918 : xxxxxxxx
Offset 0000491c : xxxxxxxx
Offset 00004920 : xxxxxxxx
Offset 00004924 : xxxxxxxx
Offset 00004928 : xxxxxxxx
Offset 0000492c : xxxxxxxx
Offset 00004930 : xxxxxxxx
Offset 00004934 : xxxxxxxx
Offset 00004938 : xxxxxxxx
Offset 0000493c : xxxxxxxx
Offset 00004940 : xxxxxxxx
Offset 00004944 : xxxxxxxx
Offset 00004948 : xxxxxxxx
Offset 0000494c : xxxxxxxx
Offset 00004950 : xxxxxxxx
Offset 00004954 : xxxxxxxx
Offset 00004958 : xxxxxxxx
Offset 0000495c : xxxxxxxx
Offset 00004960 : xxxxxxxx
Offset 00004964 : xxxxxxxx
Offset 00004968 : xxxxxxxx
Offset 0000496c : xxxxxxxx
Offset 00004970 : xxxxxxxx
Offset 00004974 : xxxxxxxx
Offset 00004978 : xxxxxxxx
Offset 0000497c : xxxxxxxx
Offset 00004980 : xxxxxxxx
Offset 00004984 : xxxxxxxx
Offset 00004988 : xxxxxxxx
Offset 0000498c : xxxxxxxx
Offset 00004990 : xxxxxxxx
Offset 00004994 : xxxxxxxx
Offset 00004998 : xxxxxxxx
Offset 0000499c : xxxxxxxx
Offset 000049a0 : xxxxxxxx
Offset 000049a4 : xxxxxxxx
Offset 000049a8 : xxxxxxxx
Offset 000049ac : xxxxxxxx
Offset 000049b0 : xxxxxxxx
Offset 000049b4 : xxxxxxxx
Offset 000049b8 : xxxxxxxx
Offset 000049bc : xxxxxxxx
Offset 000049c0 : xxxxxxxx
Offset 000049c4 : xxxxxxxx
Offset 000049c8 : xxxxxxxx
Offset 000049cc : xxxxxxxx
Offset 000049d0 : xxxxxxxx
Offset 000049d4 : xxxxxxxx
Offset 000049d8 : xxxxxxxx
Offset 000049dc : xxxxxxxx
Offset 000049e0 : xxxxxxxx
Offset 000049e4 : xxxxxxxx
Offset 000049e8 : xxxxxxxx
Offset 000049ec : xxxxxxxx
Offset 000049f0 : xxxxxxxx
Offset 000049f4 : xxxxxxxx
Offset 000049f8 : xxxxxxxx
Offset 000049fc : xxxxxxxx
Offset 00004a00 : xxxxxxxx
Offset 00004a04 : xxxxxxxx
Offset 00004a08 : xxxxxxxx
Offset 00004a0c : xxxxxxxx
Offset 00004a10 : xxxxxxxx
Offset 00004a14 : xxxxxxxx
Offset 00004a18 : xxxxxxxx
Offset 00004a1c : xxxxxxxx
Offset 00004a20 : xxxxxxxx
Offset 00004a24 : xxxxxxxx
Offset 00004a28 : xxxxxxxx
Offset 00004a2c : xxxxxxxx
Offset 00004a30 : xxxxxxxx
Offset 00004a34 : xxxxxxxx
Offset 00004a38 : xxxxxxxx
Offset 00004a3c : xxxxxxxx
Offset 00004a40 : xxxxxxxx
Offset 00004a44 : xxxxxxxx
Offset 00004a48 : xxxxxxxx
Offset 00004a4c : xxxxxxxx
Offset 00004a50 : xxxxxxxx
Offset 00004a54 : xxxxxxxx
Offset 00004a58 : xxxxxxxx
Offset 00004a5c : xxxxxxxx
Offset 00004a60 : xxxxxxxx
Offset 00004a64 : xxxxxxxx
Offset 00004a68 : xxxxxxxx
Offset 00004a6c : xxxxxxxx
Offset 00004a70 : xxxxxxxx
Offset 00004a74 : xxxxxxxx
Offset 00004a78 : xxxxxxxx
Offset 00004a7c : xxxxxxxx
Offset 00004a80 : xxxxxxxx
Offset 00004a84 : xxxxxxxx
Offset 00004a88 : xxxxxxxx
Offset 00004a8c : xxxxxxxx
Offset 00004a90 : xxxxxxxx
Offset 00004a94 : xxxxxxxx
Offset 00004a98 : xxxxxxxx
Offset 00004a9c : xxxxxxxx
Offset 00004aa0 : xxxxxxxx
Offset 00004aa4 : xxxxxxxx
Offset 00004aa8 : xxxxxxxx
Offset 00004aac : xxxxxxxx
Offset 00004ab0 : xxxxxxxx
Offset 00004ab4 : xxxxxxxx
Offset 00004ab8 : xxxxxxxx
Offset 00004abc : xxxxxxxx
Offset 00004ac0 : xxxxxxxx
Offset 00004ac4 : xxxxxxxx
Offset 00004ac8 : xxxxxxxx
Offset 00004acc : xxxxxxxx
Offset 00004ad0 : xxxxxxxx
Offset 00004ad4 : xxxxxxxx
Offset 00004ad8 : xxxxxxxx
Offset 00004adc : xxxxxxxx
Offset 00004ae0 : xxxxxxxx
Offset 00004ae4 : xxxxxxxx
Offset 00004ae8 : xxxxxxxx
Offset 00004aec : xxxxxxxx
Offset 00004af0 : xxxxxxxx
Offset 00004af4 : xxxxxxxx
Offset 00004af8 : xxxxxxxx
Offset 00004afc : xxxxxxxx
Offset 00004b00 : xxxxxxxx
Offset 00004b04 : xxxxxxxx
Offset 00004b08 : xxxxxxxx
Offset 00004b0c : xxxxxxxx
Offset 00004b10 : xxxxxxxx
Offset 00004b14 : xxxxxxxx
Offset 00004b18 : xxxxxxxx
Offset 00004b1c : xxxxxxxx
Offset 00004b20 : xxxxxxxx
Offset 00004b24 : xxxxxxxx
Offset 00004b28 : xxxxxxxx
Offset 00004b2c : xxxxxxxx
Offset 00004b30 : xxxxxxxx
Offset 00004b34 : xxxxxxxx
Offset 00004b38 : xxxxxxxx
Offset 00004b3c : xxxxxxxx
Offset 00004b40 : xxxxxxxx
Offset 00004b44 : xxxxxxxx
Offset 00004b48 : xxxxxxxx
Offset 00004b4c : xxxxxxxx
Offset 00004b50 : xxxxxxxx
Offset 00004b54 : xxxxxxxx
Offset 00004b58 : xxxxxxxx
Offset 00004b5c : xxxxxxxx
Offset 00004b60 : xxxxxxxx
Offset 00004b64 : xxxxxxxx
Offset 00004b68 : xxxxxxxx
Offset 00004b6c : xxxxxxxx
Offset 00004b70 : xxxxxxxx
Offset 00004b74 : xxxxxxxx
Offset 00004b78 : xxxxxxxx
Offset 00004b7c : xxxxxxxx
Offset 00004b80 : xxxxxxxx
Offset 00004b84 : xxxxxxxx
Offset 00004b88 : xxxxxxxx
Offset 00004b8c : xxxxxxxx
Offset 00004b90 : xxxxxxxx
Offset 00004b94 : xxxxxxxx
Offset 00004b98 : xxxxxxxx
Offset 00004b9c : xxxxxxxx
Offset 00004ba0 : xxxxxxxx
Offset 00004ba4 : xxxxxxxx
Offset 00004ba8 : xxxxxxxx
Offset 00004bac : xxxxxxxx
Offset 00004bb0 : xxxxxxxx
Offset 00004bb4 : xxxxxxxx
Offset 00004bb8 : xxxxxxxx
Offset 00004bbc : xxxxxxxx
Offset 00004bc0 : xxxxxxxx
Offset 00004bc4 : xxxxxxxx
Offset 00004bc8 : xxxxxxxx
Offset 00004bcc : xxxxxxxx
Offset 00004bd0 : xxxxxxxx
Offset 00004bd4 : xxxxxxxx
Offset 00004bd8 : xxxxxxxx
Offset 00004bdc : xxxxxxxx
Offset 00004be0 : xxxxxxxx
Offset 00004be4 : xxxxxxxx
Offset 00004be8 : xxxxxxxx
Offset 00004bec : xxxxxxxx
Offset 00004bf0 : xxxxxxxx
Offset 00004bf4 : xxxxxxxx
Offset 00004bf8 : xxxxxxxx
Offset 00004bfc : xxxxxxxx
Offset 00004c00 : xxxxxxxx
Offset 00004c04 : xxxxxxxx
Offset 00004c08 : xxxxxxxx
Offset 00004c0c : xxxxxxxx
Offset 00004c10 : xxxxxxxx
Offset 00004c14 : xxxxxxxx
Offset 00004c18 : xxxxxxxx
Offset 00004c1c : xxxxxxxx
Offset 00004c20 : xxxxxxxx
Offset 00004c24 : xxxxxxxx
Offset 00004c28 : xxxxxxxx
Offset 00004c2c : xxxxxxxx
Offset 00004c30 : xxxxxxxx
Offset 00004c34 : xxxxxxxx
Offset 00004c38 : xxxxxxxx
Offset 00004c3c : xxxxxxxx
Offset 00004c40 : xxxxxxxx
Offset 00004c44 : xxxxxxxx
Offset 00004c48 : xxxxxxxx
Offset 00004c4c : xxxxxxxx
Offset 00004c50 : xxxxxxxx
Offset 00004c54 : xxxxxxxx
Offset 00004c58 : xxxxxxxx
Offset 00004c5c : xxxxxxxx
Offset 00004c60 : xxxxxxxx
Offset 00004c64 : xxxxxxxx
Offset 00004c68 : xxxxxxxx
Offset 00004c6c : xxxxxxxx
Offset 00004c70 : xxxxxxxx
Offset 00004c74 : xxxxxxxx
Offset 00004c78 : xxxxxxxx
Offset 00004c7c : xxxxxxxx
Offset 00004c80 : xxxxxxxx
Offset 00004c84 : xxxxxxxx
Offset 00004c88 : xxxxxxxx
Offset 00004c8c : xxxxxxxx
Offset 00004c90 : xxxxxxxx
Offset 00004c94 : xxxxxxxx
Offset 00004c98 : xxxxxxxx
Offset 00004c9c : xxxxxxxx
Offset 00004ca0 : xxxxxxxx
Offset 00004ca4 : xxxxxxxx
Offset 00004ca8 : xxxxxxxx
Offset 00004cac : xxxxxxxx
Offset 00004cb0 : xxxxxxxx
Offset 00004cb4 : xxxxxxxx
Offset 00004cb8 : xxxxxxxx
Offset 00004cbc : xxxxxxxx
Offset 00004cc0 : xxxxxxxx
Offset 00004cc4 : xxxxxxxx
Offset 00004cc8 : xxxxxxxx
Offset 00004ccc : xxxxxxxx
Offset 00004cd0 : xxxxxxxx
Offset 00004cd4 : xxxxxxxx
Offset 00004cd8 : xxxxxxxx
Offset 00004cdc : xxxxxxxx
Offset 00004ce0 : xxxxxxxx
Offset 00004ce4 : xxxxxxxx
Offset 00004ce8 : xxxxxxxx
Offset 00004cec : xxxxxxxx
Offset 00004cf0 : xxxxxxxx
Offset 00004cf4 : xxxxxxxx
Offset 00004cf8 : xxxxxxxx
Offset 00004cfc : xxxxxxxx
Offset 00004d00 : xxxxxxxx
Offset 00004d04 : xxxxxxxx
Offset 00004d08 : xxxxxxxx
Offset 00004d0c : xxxxxxxx
Offset 00004d10 : xxxxxxxx
Offset 00004d14 : xxxxxxxx
Offset 00004d18 : xxxxxxxx
Offset 00004d1c : xxxxxxxx
Offset 00004d20 : xxxxxxxx
Offset 00004d24 : xxxxxxxx
Offset 00004d28 : xxxxxxxx
Offset 00004d2c : xxxxxxxx
Offset 00004d30 : xxxxxxxx
Offset 00004d34 : xxxxxxxx
Offset 00004d38 : xxxxxxxx
Offset 00004d3c : xxxxxxxx
Offset 00004d40 : xxxxxxxx
Offset 00004d44 : xxxxxxxx
Offset 00004d48 : xxxxxxxx
Offset 00004d4c : xxxxxxxx
Offset 00004d50 : xxxxxxxx
Offset 00004d54 : xxxxxxxx
Offset 00004d58 : xxxxxxxx
Offset 00004d5c : xxxxxxxx
Offset 00004d60 : xxxxxxxx
Offset 00004d64 : xxxxxxxx
Offset 00004d68 : xxxxxxxx
Offset 00004d6c : xxxxxxxx
Offset 00004d70 : xxxxxxxx
Offset 00004d74 : xxxxxxxx
Offset 00004d78 : xxxxxxxx
Offset 00004d7c : xxxxxxxx
Offset 00004d80 : xxxxxxxx
Offset 00004d84 : xxxxxxxx
Offset 00004d88 : xxxxxxxx
Offset 00004d8c : xxxxxxxx
Offset 00004d90 : xxxxxxxx
Offset 00004d94 : xxxxxxxx
Offset 00004d98 : xxxxxxxx
Offset 00004d9c : xxxxxxxx
Offset 00004da0 : xxxxxxxx
Offset 00004da4 : xxxxxxxx
Offset 00004da8 : xxxxxxxx
Offset 00004dac : xxxxxxxx
Offset 00004db0 : xxxxxxxx
Offset 00004db4 : xxxxxxxx
Offset 00004db8 : xxxxxxxx
Offset 00004dbc : xxxxxxxx
Offset 00004dc0 : xxxxxxxx
Offset 00004dc4 : xxxxxxxx
Offset 00004dc8 : xxxxxxxx
Offset 00004dcc : xxxxxxxx
Offset 00004dd0 : xxxxxxxx
Offset 00004dd4 : xxxxxxxx
Offset 00004dd8 : xxxxxxxx
Offset 00004ddc : xxxxxxxx
Offset 00004de0 : xxxxxxxx
Offset 00004de4 : xxxxxxxx
Offset 00004de8 : xxxxxxxx
Offset 00004dec : xxxxxxxx
Offset 00004df0 : xxxxxxxx
Offset 00004df4 : xxxxxxxx
Offset 00004df8 : xxxxxxxx
Offset 00004dfc : xxxxxxxx
Offset 00004e00 : xxxxxxxx
Offset 00004e04 : xxxxxxxx
Offset 00004e08 : xxxxxxxx
Offset 00004e0c : xxxxxxxx
Offset 00004e10 : xxxxxxxx
Offset 00004e14 : xxxxxxxx
Offset 00004e18 : xxxxxxxx
Offset 00004e1c : xxxxxxxx
Offset 00004e20 : xxxxxxxx
Offset 00004e24 : xxxxxxxx
Offset 00004e28 : xxxxxxxx
Offset 00004e2c : xxxxxxxx
Offset 00004e30 : xxxxxxxx
Offset 00004e34 : xxxxxxxx
Offset 00004e38 : xxxxxxxx
Offset 00004e3c : xxxxxxxx
Offset 00004e40 : xxxxxxxx
Offset 00004e44 : xxxxxxxx
Offset 00004e48 : xxxxxxxx
Offset 00004e4c : xxxxxxxx
Offset 00004e50 : xxxxxxxx
Offset 00004e54 : xxxxxxxx
Offset 00004e58 : xxxxxxxx
Offset 00004e5c : xxxxxxxx
Offset 00004e60 : xxxxxxxx
Offset 00004e64 : xxxxxxxx
Offset 00004e68 : xxxxxxxx
Offset 00004e6c : xxxxxxxx
Offset 00004e70 : xxxxxxxx
Offset 00004e74 : xxxxxxxx
Offset 00004e78 : xxxxxxxx
Offset 00004e7c : xxxxxxxx
Offset 00004e80 : xxxxxxxx
Offset 00004e84 : xxxxxxxx
Offset 00004e88 : xxxxxxxx
Offset 00004e8c : xxxxxxxx
Offset 00004e90 : xxxxxxxx
Offset 00004e94 : xxxxxxxx
Offset 00004e98 : xxxxxxxx
Offset 00004e9c : xxxxxxxx
Offset 00004ea0 : xxxxxxxx
Offset 00004ea4 : xxxxxxxx
Offset 00004ea8 : xxxxxxxx
Offset 00004eac : xxxxxxxx
Offset 00004eb0 : xxxxxxxx
Offset 00004eb4 : xxxxxxxx
Offset 00004eb8 : xxxxxxxx
Offset 00004ebc : xxxxxxxx
Offset 00004ec0 : xxxxxxxx
Offset 00004ec4 : xxxxxxxx
Offset 00004ec8 : xxxxxxxx
Offset 00004ecc : xxxxxxxx
Offset 00004ed0 : xxxxxxxx
Offset 00004ed4 : xxxxxxxx
Offset 00004ed8 : xxxxxxxx
Offset 00004edc : xxxxxxxx
Offset 00004ee0 : xxxxxxxx
Offset 00004ee4 : xxxxxxxx
Offset 00004ee8 : xxxxxxxx
Offset 00004eec : xxxxxxxx
Offset 00004ef0 : xxxxxxxx
Offset 00004ef4 : xxxxxxxx
Offset 00004ef8 : xxxxxxxx
Offset 00004efc : xxxxxxxx
Offset 00004f00 : xxxxxxxx
Offset 00004f04 : xxxxxxxx
Offset 00004f08 : xxxxxxxx
Offset 00004f0c : xxxxxxxx
Offset 00004f10 : xxxxxxxx
Offset 00004f14 : xxxxxxxx
Offset 00004f18 : xxxxxxxx
Offset 00004f1c : xxxxxxxx
Offset 00004f20 : xxxxxxxx
Offset 00004f24 : xxxxxxxx
Offset 00004f28 : xxxxxxxx
Offset 00004f2c : xxxxxxxx
Offset 00004f30 : xxxxxxxx
Offset 00004f34 : xxxxxxxx
Offset 00004f38 : xxxxxxxx
Offset 00004f3c : xxxxxxxx
Offset 00004f40 : xxxxxxxx
Offset 00004f44 : xxxxxxxx
Offset 00004f48 : xxxxxxxx
Offset 00004f4c : xxxxxxxx
Offset 00004f50 : xxxxxxxx
Offset 00004f54 : xxxxxxxx
Offset 00004f58 : xxxxxxxx
Offset 00004f5c : xxxxxxxx
Offset 00004f60 : xxxxxxxx
Offset 00004f64 : xxxxxxxx
Offset 00004f68 : xxxxxxxx
Offset 00004f6c : xxxxxxxx
Offset 00004f70 : xxxxxxxx
Offset 00004f74 : xxxxxxxx
Offset 00004f78 : xxxxxxxx
Offset 00004f7c : xxxxxxxx
Offset 00004f80 : xxxxxxxx
Offset 00004f84 : xxxxxxxx
Offset 00004f88 : xxxxxxxx
Offset 00004f8c : xxxxxxxx
Offset 00004f90 : xxxxxxxx
Offset 00004f94 : xxxxxxxx
Offset 00004f98 : xxxxxxxx
Offset 00004f9c : xxxxxxxx
Offset 00004fa0 : xxxxxxxx
Offset 00004fa4 : xxxxxxxx
Offset 00004fa8 : xxxxxxxx
Offset 00004fac : xxxxxxxx
Offset 00004fb0 : xxxxxxxx
Offset 00004fb4 : xxxxxxxx
Offset 00004fb8 : xxxxxxxx
Offset 00004fbc : xxxxxxxx
Offset 00004fc0 : xxxxxxxx
Offset 00004fc4 : xxxxxxxx
Offset 00004fc8 : xxxxxxxx
Offset 00004fcc : xxxxxxxx
Offset 00004fd0 : xxxxxxxx
Offset 00004fd4 : xxxxxxxx
Offset 00004fd8 : xxxxxxxx
Offset 00004fdc : xxxxxxxx
Offset 00004fe0 : xxxxxxxx
Offset 00004fe4 : xxxxxxxx
Offset 00004fe8 : xxxxxxxx
Offset 00004fec : xxxxxxxx
Offset 00004ff0 : xxxxxxxx
Offset 00004ff4 : xxxxxxxx
Offset 00004ff8 : xxxxxxxx
Offset 00004ffc : xxxxxxxx
Offset 00005000 : xxxxxxxx
Offset 00005004 : xxxxxxxx
Offset 00005008 : xxxxxxxx
Offset 0000500c : xxxxxxxx
Offset 00005010 : xxxxxxxx
Offset 00005014 : xxxxxxxx
Offset 00005018 : xxxxxxxx
Offset 0000501c : xxxxxxxx
Offset 00005020 : xxxxxxxx
Offset 00005024 : xxxxxxxx
Offset 00005028 : xxxxxxxx
Offset 0000502c : xxxxxxxx
Offset 00005030 : xxxxxxxx
Offset 00005034 : xxxxxxxx
Offset 00005038 : xxxxxxxx
Offset 0000503c : xxxxxxxx
Offset 00005040 : xxxxxxxx
Offset 00005044 : xxxxxxxx
Offset 00005048 : xxxxxxxx
Offset 0000504c : xxxxxxxx
Offset 00005050 : xxxxxxxx
Offset 00005054 : xxxxxxxx
Offset 00005058 : xxxxxxxx
Offset 0000505c : xxxxxxxx
Offset 00005060 : xxxxxxxx
Offset 00005064 : xxxxxxxx
Offset 00005068 : xxxxxxxx
Offset 0000506c : xxxxxxxx
Offset 00005070 : xxxxxxxx
Offset 00005074 : xxxxxxxx
Offset 00005078 : xxxxxxxx
Offset 0000507c : xxxxxxxx
Offset 00005080 : xxxxxxxx
Offset 00005084 : xxxxxxxx
Offset 00005088 : xxxxxxxx
Offset 0000508c : xxxxxxxx
Offset 00005090 : xxxxxxxx
Offset 00005094 : xxxxxxxx
Offset 00005098 : xxxxxxxx
Offset 0000509c : xxxxxxxx
Offset 000050a0 : xxxxxxxx
Offset 000050a4 : xxxxxxxx
Offset 000050a8 : xxxxxxxx
Offset 000050ac : xxxxxxxx
Offset 000050b0 : xxxxxxxx
Offset 000050b4 : xxxxxxxx
Offset 000050b8 : xxxxxxxx
Offset 000050bc : xxxxxxxx
Offset 000050c0 : xxxxxxxx
Offset 000050c4 : xxxxxxxx
Offset 000050c8 : xxxxxxxx
Offset 000050cc : xxxxxxxx
Offset 000050d0 : xxxxxxxx
Offset 000050d4 : xxxxxxxx
Offset 000050d8 : xxxxxxxx
Offset 000050dc : xxxxxxxx
Offset 000050e0 : xxxxxxxx
Offset 000050e4 : xxxxxxxx
Offset 000050e8 : xxxxxxxx
Offset 000050ec : xxxxxxxx
Offset 000050f0 : xxxxxxxx
Offset 000050f4 : xxxxxxxx
Offset 000050f8 : xxxxxxxx
Offset 000050fc : xxxxxxxx
Offset 00005100 : xxxxxxxx
Offset 00005104 : xxxxxxxx
Offset 00005108 : xxxxxxxx
Offset 0000510c : xxxxxxxx
Offset 00005110 : xxxxxxxx
Offset 00005114 : xxxxxxxx
Offset 00005118 : xxxxxxxx
Offset 0000511c : xxxxxxxx
Offset 00005120 : xxxxxxxx
Offset 00005124 : xxxxxxxx
Offset 00005128 : xxxxxxxx
Offset 0000512c : xxxxxxxx
Offset 00005130 : xxxxxxxx
Offset 00005134 : xxxxxxxx
Offset 00005138 : xxxxxxxx
Offset 0000513c : xxxxxxxx
Offset 00005140 : xxxxxxxx
Offset 00005144 : xxxxxxxx
Offset 00005148 : xxxxxxxx
Offset 0000514c : xxxxxxxx
Offset 00005150 : xxxxxxxx
Offset 00005154 : xxxxxxxx
Offset 00005158 : xxxxxxxx
Offset 0000515c : xxxxxxxx
Offset 00005160 : xxxxxxxx
Offset 00005164 : xxxxxxxx
Offset 00005168 : xxxxxxxx
Offset 0000516c : xxxxxxxx
Offset 00005170 : xxxxxxxx
Offset 00005174 : xxxxxxxx
Offset 00005178 : xxxxxxxx
Offset 0000517c : xxxxxxxx
Offset 00005180 : xxxxxxxx
Offset 00005184 : xxxxxxxx
Offset 00005188 : xxxxxxxx
Offset 0000518c : xxxxxxxx
Offset 00005190 : xxxxxxxx
Offset 00005194 : xxxxxxxx
Offset 00005198 : xxxxxxxx
Offset 0000519c : xxxxxxxx
Offset 000051a0 : xxxxxxxx
Offset 000051a4 : xxxxxxxx
Offset 000051a8 : xxxxxxxx
Offset 000051ac : xxxxxxxx
Offset 000051b0 : xxxxxxxx
Offset 000051b4 : xxxxxxxx
Offset 000051b8 : xxxxxxxx
Offset 000051bc : xxxxxxxx
Offset 000051c0 : xxxxxxxx
Offset 000051c4 : xxxxxxxx
Offset 000051c8 : xxxxxxxx
Offset 000051cc : xxxxxxxx
Offset 000051d0 : xxxxxxxx
Offset 000051d4 : xxxxxxxx
Offset 000051d8 : xxxxxxxx
Offset 000051dc : xxxxxxxx
Offset 000051e0 : xxxxxxxx
Offset 000051e4 : xxxxxxxx
Offset 000051e8 : xxxxxxxx
Offset 000051ec : xxxxxxxx
Offset 000051f0 : xxxxxxxx
Offset 000051f4 : xxxxxxxx
Offset 000051f8 : xxxxxxxx
Offset 000051fc : xxxxxxxx
Offset 00005200 : xxxxxxxx
Offset 00005204 : xxxxxxxx
Offset 00005208 : xxxxxxxx
Offset 0000520c : xxxxxxxx
Offset 00005210 : xxxxxxxx
Offset 00005214 : xxxxxxxx
Offset 00005218 : xxxxxxxx
Offset 0000521c : xxxxxxxx
Offset 00005220 : xxxxxxxx
Offset 00005224 : xxxxxxxx
Offset 00005228 : xxxxxxxx
Offset 0000522c : xxxxxxxx
Offset 00005230 : xxxxxxxx
Offset 00005234 : xxxxxxxx
Offset 00005238 : xxxxxxxx
Offset 0000523c : xxxxxxxx
Offset 00005240 : xxxxxxxx
Offset 00005244 : xxxxxxxx
Offset 00005248 : xxxxxxxx
Offset 0000524c : xxxxxxxx
Offset 00005250 : xxxxxxxx
Offset 00005254 : xxxxxxxx
Offset 00005258 : xxxxxxxx
Offset 0000525c : xxxxxxxx
Offset 00005260 : xxxxxxxx
Offset 00005264 : xxxxxxxx
Offset 00005268 : xxxxxxxx
Offset 0000526c : xxxxxxxx
Offset 00005270 : xxxxxxxx
Offset 00005274 : xxxxxxxx
Offset 00005278 : xxxxxxxx
Offset 0000527c : xxxxxxxx
Offset 00005280 : xxxxxxxx
Offset 00005284 : xxxxxxxx
Offset 00005288 : xxxxxxxx
Offset 0000528c : xxxxxxxx
Offset 00005290 : xxxxxxxx
Offset 00005294 : xxxxxxxx
Offset 00005298 : xxxxxxxx
Offset 0000529c : xxxxxxxx
Offset 000052a0 : xxxxxxxx
Offset 000052a4 : xxxxxxxx
Offset 000052a8 : xxxxxxxx
Offset 000052ac : xxxxxxxx
Offset 000052b0 : xxxxxxxx
Offset 000052b4 : xxxxxxxx
Offset 000052b8 : xxxxxxxx
Offset 000052bc : xxxxxxxx
Offset 000052c0 : xxxxxxxx
Offset 000052c4 : xxxxxxxx
Offset 000052c8 : xxxxxxxx
Offset 000052cc : xxxxxxxx
Offset 000052d0 : xxxxxxxx
Offset 000052d4 : xxxxxxxx
Offset 000052d8 : xxxxxxxx
Offset 000052dc : xxxxxxxx
Offset 000052e0 : xxxxxxxx
Offset 000052e4 : xxxxxxxx
Offset 000052e8 : xxxxxxxx
Offset 000052ec : xxxxxxxx
Offset 000052f0 : xxxxxxxx
Offset 000052f4 : xxxxxxxx
Offset 000052f8 : xxxxxxxx
Offset 000052fc : xxxxxxxx
Offset 00005300 : xxxxxxxx
Offset 00005304 : xxxxxxxx
Offset 00005308 : xxxxxxxx
Offset 0000530c : xxxxxxxx
Offset 00005310 : xxxxxxxx
Offset 00005314 : xxxxxxxx
Offset 00005318 : xxxxxxxx
Offset 0000531c : xxxxxxxx
Offset 00005320 : xxxxxxxx
Offset 00005324 : xxxxxxxx
Offset 00005328 : xxxxxxxx
Offset 0000532c : xxxxxxxx
Offset 00005330 : xxxxxxxx
Offset 00005334 : xxxxxxxx
Offset 00005338 : xxxxxxxx
Offset 0000533c : xxxxxxxx
Offset 00005340 : xxxxxxxx
Offset 00005344 : xxxxxxxx
Offset 00005348 : xxxxxxxx
Offset 0000534c : xxxxxxxx
Offset 00005350 : xxxxxxxx
Offset 00005354 : xxxxxxxx
Offset 00005358 : xxxxxxxx
Offset 0000535c : xxxxxxxx
Offset 00005360 : xxxxxxxx
Offset 00005364 : xxxxxxxx
Offset 00005368 : xxxxxxxx
Offset 0000536c : xxxxxxxx
Offset 00005370 : xxxxxxxx
Offset 00005374 : xxxxxxxx
Offset 00005378 : xxxxxxxx
Offset 0000537c : xxxxxxxx
Offset 00005380 : xxxxxxxx
Offset 00005384 : xxxxxxxx
Offset 00005388 : xxxxxxxx
Offset 0000538c : xxxxxxxx
Offset 00005390 : xxxxxxxx
Offset 00005394 : xxxxxxxx
Offset 00005398 : xxxxxxxx
Offset 0000539c : xxxxxxxx
Offset 000053a0 : xxxxxxxx
Offset 000053a4 : xxxxxxxx
Offset 000053a8 : xxxxxxxx
Offset 000053ac : xxxxxxxx
Offset 000053b0 : xxxxxxxx
Offset 000053b4 : xxxxxxxx
Offset 000053b8 : xxxxxxxx
Offset 000053bc : xxxxxxxx
Offset 000053c0 : xxxxxxxx
Offset 000053c4 : xxxxxxxx
Offset 000053c8 : xxxxxxxx
Offset 000053cc : xxxxxxxx
Offset 000053d0 : xxxxxxxx
Offset 000053d4 : xxxxxxxx
Offset 000053d8 : xxxxxxxx
Offset 000053dc : xxxxxxxx
Offset 000053e0 : xxxxxxxx
Offset 000053e4 : xxxxxxxx
Offset 000053e8 : xxxxxxxx
Offset 000053ec : xxxxxxxx
Offset 000053f0 : xxxxxxxx
Offset 000053f4 : xxxxxxxx
Offset 000053f8 : xxxxxxxx
Offset 000053fc : xxxxxxxx
Offset 00005400 : xxxxxxxx
Offset 00005404 : xxxxxxxx
Offset 00005408 : xxxxxxxx
Offset 0000540c : xxxxxxxx
Offset 00005410 : xxxxxxxx
Offset 00005414 : xxxxxxxx
Offset 00005418 : xxxxxxxx
Offset 0000541c : xxxxxxxx
Offset 00005420 : xxxxxxxx
Offset 00005424 : xxxxxxxx
Offset 00005428 : xxxxxxxx
Offset 0000542c : xxxxxxxx
Offset 00005430 : xxxxxxxx
Offset 00005434 : xxxxxxxx
Offset 00005438 : xxxxxxxx
Offset 0000543c : xxxxxxxx
Offset 00005440 : xxxxxxxx
Offset 00005444 : xxxxxxxx
Offset 00005448 : xxxxxxxx
Offset 0000544c : xxxxxxxx
Offset 00005450 : xxxxxxxx
Offset 00005454 : xxxxxxxx
Offset 00005458 : xxxxxxxx
Offset 0000545c : xxxxxxxx
Offset 00005460 : xxxxxxxx
Offset 00005464 : xxxxxxxx
Offset 00005468 : xxxxxxxx
Offset 0000546c : xxxxxxxx
Offset 00005470 : xxxxxxxx
Offset 00005474 : xxxxxxxx
Offset 00005478 : xxxxxxxx
Offset 0000547c : xxxxxxxx
Offset 00005480 : xxxxxxxx
Offset 00005484 : xxxxxxxx
Offset 00005488 : xxxxxxxx
Offset 0000548c : xxxxxxxx
Offset 00005490 : xxxxxxxx
Offset 00005494 : xxxxxxxx
Offset 00005498 : xxxxxxxx
Offset 0000549c : xxxxxxxx
Offset 000054a0 : xxxxxxxx
Offset 000054a4 : xxxxxxxx
Offset 000054a8 : xxxxxxxx
Offset 000054ac : xxxxxxxx
Offset 000054b0 : xxxxxxxx
Offset 000054b4 : xxxxxxxx
Offset 000054b8 : xxxxxxxx
Offset 000054bc : xxxxxxxx
Offset 000054c0 : xxxxxxxx
Offset 000054c4 : xxxxxxxx
Offset 000054c8 : xxxxxxxx
Offset 000054cc : xxxxxxxx
Offset 000054d0 : xxxxxxxx
Offset 000054d4 : xxxxxxxx
Offset 000054d8 : xxxxxxxx
Offset 000054dc : xxxxxxxx
Offset 000054e0 : xxxxxxxx
Offset 000054e4 : xxxxxxxx
Offset 000054e8 : xxxxxxxx
Offset 000054ec : xxxxxxxx
Offset 000054f0 : xxxxxxxx
Offset 000054f4 : xxxxxxxx
Offset 000054f8 : xxxxxxxx
Offset 000054fc : xxxxxxxx
Offset 00005500 : xxxxxxxx
Offset 00005504 : xxxxxxxx
Offset 00005508 : xxxxxxxx
Offset 0000550c : xxxxxxxx
Offset 00005510 : xxxxxxxx
Offset 00005514 : xxxxxxxx
Offset 00005518 : xxxxxxxx
Offset 0000551c : xxxxxxxx
Offset 00005520 : xxxxxxxx
Offset 00005524 : xxxxxxxx
Offset 00005528 : xxxxxxxx
Offset 0000552c : xxxxxxxx
Offset 00005530 : xxxxxxxx
Offset 00005534 : xxxxxxxx
Offset 00005538 : xxxxxxxx
Offset 0000553c : xxxxxxxx
Offset 00005540 : xxxxxxxx
Offset 00005544 : xxxxxxxx
Offset 00005548 : xxxxxxxx
Offset 0000554c : xxxxxxxx
Offset 00005550 : xxxxxxxx
Offset 00005554 : xxxxxxxx
Offset 00005558 : xxxxxxxx
Offset 0000555c : xxxxxxxx
Offset 00005560 : xxxxxxxx
Offset 00005564 : xxxxxxxx
Offset 00005568 : xxxxxxxx
Offset 0000556c : xxxxxxxx
Offset 00005570 : xxxxxxxx
Offset 00005574 : xxxxxxxx
Offset 00005578 : xxxxxxxx
Offset 0000557c : xxxxxxxx
Offset 00005580 : xxxxxxxx
Offset 00005584 : xxxxxxxx
Offset 00005588 : xxxxxxxx
Offset 0000558c : xxxxxxxx
Offset 00005590 : xxxxxxxx
Offset 00005594 : xxxxxxxx
Offset 00005598 : xxxxxxxx
Offset 0000559c : xxxxxxxx
Offset 000055a0 : xxxxxxxx
Offset 000055a4 : xxxxxxxx
Offset 000055a8 : xxxxxxxx
Offset 000055ac : xxxxxxxx
Offset 000055b0 : xxxxxxxx
Offset 000055b4 : xxxxxxxx
Offset 000055b8 : xxxxxxxx
Offset 000055bc : xxxxxxxx
Offset 000055c0 : xxxxxxxx
Offset 000055c4 : xxxxxxxx
Offset 000055c8 : xxxxxxxx
Offset 000055cc : xxxxxxxx
Offset 000055d0 : xxxxxxxx
Offset 000055d4 : xxxxxxxx
Offset 000055d8 : xxxxxxxx
Offset 000055dc : xxxxxxxx
Offset 000055e0 : xxxxxxxx
Offset 000055e4 : xxxxxxxx
Offset 000055e8 : xxxxxxxx
Offset 000055ec : xxxxxxxx
Offset 000055f0 : xxxxxxxx
Offset 000055f4 : xxxxxxxx
Offset 000055f8 : xxxxxxxx
Offset 000055fc : xxxxxxxx
Offset 00005600 : xxxxxxxx
Offset 00005604 : xxxxxxxx
Offset 00005608 : xxxxxxxx
Offset 0000560c : xxxxxxxx
Offset 00005610 : xxxxxxxx
Offset 00005614 : xxxxxxxx
Offset 00005618 : xxxxxxxx
Offset 0000561c : xxxxxxxx
Offset 00005620 : xxxxxxxx
Offset 00005624 : xxxxxxxx
Offset 00005628 : xxxxxxxx
Offset 0000562c : xxxxxxxx
Offset 00005630 : xxxxxxxx
Offset 00005634 : xxxxxxxx
Offset 00005638 : xxxxxxxx
Offset 0000563c : xxxxxxxx
Offset 00005640 : xxxxxxxx
Offset 00005644 : xxxxxxxx
Offset 00005648 : xxxxxxxx
Offset 0000564c : xxxxxxxx
Offset 00005650 : xxxxxxxx
Offset 00005654 : xxxxxxxx
Offset 00005658 : xxxxxxxx
Offset 0000565c : xxxxxxxx
Offset 00005660 : xxxxxxxx
Offset 00005664 : xxxxxxxx
Offset 00005668 : xxxxxxxx
Offset 0000566c : xxxxxxxx
Offset 00005670 : xxxxxxxx
Offset 00005674 : xxxxxxxx
Offset 00005678 : xxxxxxxx
Offset 0000567c : xxxxxxxx
Offset 00005680 : xxxxxxxx
Offset 00005684 : xxxxxxxx
Offset 00005688 : xxxxxxxx
Offset 0000568c : xxxxxxxx
Offset 00005690 : xxxxxxxx
Offset 00005694 : xxxxxxxx
Offset 00005698 : xxxxxxxx
Offset 0000569c : xxxxxxxx
Offset 000056a0 : xxxxxxxx
Offset 000056a4 : xxxxxxxx
Offset 000056a8 : xxxxxxxx
Offset 000056ac : xxxxxxxx
Offset 000056b0 : xxxxxxxx
Offset 000056b4 : xxxxxxxx
Offset 000056b8 : xxxxxxxx
Offset 000056bc : xxxxxxxx
Offset 000056c0 : xxxxxxxx
Offset 000056c4 : xxxxxxxx
Offset 000056c8 : xxxxxxxx
Offset 000056cc : xxxxxxxx
Offset 000056d0 : xxxxxxxx
Offset 000056d4 : xxxxxxxx
Offset 000056d8 : xxxxxxxx
Offset 000056dc : xxxxxxxx
Offset 000056e0 : xxxxxxxx
Offset 000056e4 : xxxxxxxx
Offset 000056e8 : xxxxxxxx
Offset 000056ec : xxxxxxxx
Offset 000056f0 : xxxxxxxx
Offset 000056f4 : xxxxxxxx
Offset 000056f8 : xxxxxxxx
Offset 000056fc : xxxxxxxx
Offset 00005700 : xxxxxxxx
Offset 00005704 : xxxxxxxx
Offset 00005708 : xxxxxxxx
Offset 0000570c : xxxxxxxx
Offset 00005710 : xxxxxxxx
Offset 00005714 : xxxxxxxx
Offset 00005718 : xxxxxxxx
Offset 0000571c : xxxxxxxx
Offset 00005720 : xxxxxxxx
Offset 00005724 : xxxxxxxx
Offset 00005728 : xxxxxxxx
Offset 0000572c : xxxxxxxx
Offset 00005730 : xxxxxxxx
Offset 00005734 : xxxxxxxx
Offset 00005738 : xxxxxxxx
Offset 0000573c : xxxxxxxx
Offset 00005740 : xxxxxxxx
Offset 00005744 : xxxxxxxx
Offset 00005748 : xxxxxxxx
Offset 0000574c : xxxxxxxx
Offset 00005750 : xxxxxxxx
Offset 00005754 : xxxxxxxx
Offset 00005758 : xxxxxxxx
Offset 0000575c : xxxxxxxx
Offset 00005760 : xxxxxxxx
Offset 00005764 : xxxxxxxx
Offset 00005768 : xxxxxxxx
Offset 0000576c : xxxxxxxx
Offset 00005770 : xxxxxxxx
Offset 00005774 : xxxxxxxx
Offset 00005778 : xxxxxxxx
Offset 0000577c : xxxxxxxx
Offset 00005780 : xxxxxxxx
Offset 00005784 : xxxxxxxx
Offset 00005788 : xxxxxxxx
Offset 0000578c : xxxxxxxx
Offset 00005790 : xxxxxxxx
Offset 00005794 : xxxxxxxx
Offset 00005798 : xxxxxxxx
Offset 0000579c : xxxxxxxx
Offset 000057a0 : xxxxxxxx
Offset 000057a4 : xxxxxxxx
Offset 000057a8 : xxxxxxxx
Offset 000057ac : xxxxxxxx
Offset 000057b0 : xxxxxxxx
Offset 000057b4 : xxxxxxxx
Offset 000057b8 : xxxxxxxx
Offset 000057bc : xxxxxxxx
Offset 000057c0 : xxxxxxxx
Offset 000057c4 : xxxxxxxx
Offset 000057c8 : xxxxxxxx
Offset 000057cc : xxxxxxxx
Offset 000057d0 : xxxxxxxx
Offset 000057d4 : xxxxxxxx
Offset 000057d8 : xxxxxxxx
Offset 000057dc : xxxxxxxx
Offset 000057e0 : xxxxxxxx
Offset 000057e4 : xxxxxxxx
Offset 000057e8 : xxxxxxxx
Offset 000057ec : xxxxxxxx
Offset 000057f0 : xxxxxxxx
Offset 000057f4 : xxxxxxxx
Offset 000057f8 : xxxxxxxx
Offset 000057fc : xxxxxxxx
Offset 00005800 : xxxxxxxx
Offset 00005804 : xxxxxxxx
Offset 00005808 : xxxxxxxx
Offset 0000580c : xxxxxxxx
Offset 00005810 : xxxxxxxx
Offset 00005814 : xxxxxxxx
Offset 00005818 : xxxxxxxx
Offset 0000581c : xxxxxxxx
Offset 00005820 : xxxxxxxx
Offset 00005824 : xxxxxxxx
Offset 00005828 : xxxxxxxx
Offset 0000582c : xxxxxxxx
Offset 00005830 : xxxxxxxx
Offset 00005834 : xxxxxxxx
Offset 00005838 : xxxxxxxx
Offset 0000583c : xxxxxxxx
Offset 00005840 : xxxxxxxx
Offset 00005844 : xxxxxxxx
Offset 00005848 : xxxxxxxx
Offset 0000584c : xxxxxxxx
Offset 00005850 : xxxxxxxx
Offset 00005854 : xxxxxxxx
Offset 00005858 : xxxxxxxx
Offset 0000585c : xxxxxxxx
Offset 00005860 : xxxxxxxx
Offset 00005864 : xxxxxxxx
Offset 00005868 : xxxxxxxx
Offset 0000586c : xxxxxxxx
Offset 00005870 : xxxxxxxx
Offset 00005874 : xxxxxxxx
Offset 00005878 : xxxxxxxx
Offset 0000587c : xxxxxxxx
Offset 00005880 : xxxxxxxx
Offset 00005884 : xxxxxxxx
Offset 00005888 : xxxxxxxx
Offset 0000588c : xxxxxxxx
Offset 00005890 : xxxxxxxx
Offset 00005894 : xxxxxxxx
Offset 00005898 : xxxxxxxx
Offset 0000589c : xxxxxxxx
Offset 000058a0 : xxxxxxxx
Offset 000058a4 : xxxxxxxx
Offset 000058a8 : xxxxxxxx
Offset 000058ac : xxxxxxxx
Offset 000058b0 : xxxxxxxx
Offset 000058b4 : xxxxxxxx
Offset 000058b8 : xxxxxxxx
Offset 000058bc : xxxxxxxx
Offset 000058c0 : xxxxxxxx
Offset 000058c4 : xxxxxxxx
Offset 000058c8 : xxxxxxxx
Offset 000058cc : xxxxxxxx
Offset 000058d0 : xxxxxxxx
Offset 000058d4 : xxxxxxxx
Offset 000058d8 : xxxxxxxx
Offset 000058dc : xxxxxxxx
Offset 000058e0 : xxxxxxxx
Offset 000058e4 : xxxxxxxx
Offset 000058e8 : xxxxxxxx
Offset 000058ec : xxxxxxxx
Offset 000058f0 : xxxxxxxx
Offset 000058f4 : xxxxxxxx
Offset 000058f8 : xxxxxxxx
Offset 000058fc : xxxxxxxx
Offset 00005900 : xxxxxxxx
Offset 00005904 : xxxxxxxx
Offset 00005908 : xxxxxxxx
Offset 0000590c : xxxxxxxx
Offset 00005910 : xxxxxxxx
Offset 00005914 : xxxxxxxx
Offset 00005918 : xxxxxxxx
Offset 0000591c : xxxxxxxx
Offset 00005920 : xxxxxxxx
Offset 00005924 : xxxxxxxx
Offset 00005928 : xxxxxxxx
Offset 0000592c : xxxxxxxx
Offset 00005930 : xxxxxxxx
Offset 00005934 : xxxxxxxx
Offset 00005938 : xxxxxxxx
Offset 0000593c : xxxxxxxx
Offset 00005940 : xxxxxxxx
Offset 00005944 : xxxxxxxx
Offset 00005948 : xxxxxxxx
Offset 0000594c : xxxxxxxx
Offset 00005950 : xxxxxxxx
Offset 00005954 : xxxxxxxx
Offset 00005958 : xxxxxxxx
Offset 0000595c : xxxxxxxx
Offset 00005960 : xxxxxxxx
Offset 00005964 : xxxxxxxx
Offset 00005968 : xxxxxxxx
Offset 0000596c : xxxxxxxx
Offset 00005970 : xxxxxxxx
Offset 00005974 : xxxxxxxx
Offset 00005978 : xxxxxxxx
Offset 0000597c : xxxxxxxx
Offset 00005980 : xxxxxxxx
Offset 00005984 : xxxxxxxx
Offset 00005988 : xxxxxxxx
Offset 0000598c : xxxxxxxx
Offset 00005990 : xxxxxxxx
Offset 00005994 : xxxxxxxx
Offset 00005998 : xxxxxxxx
Offset 0000599c : xxxxxxxx
Offset 000059a0 : xxxxxxxx
Offset 000059a4 : xxxxxxxx
Offset 000059a8 : xxxxxxxx
Offset 000059ac : xxxxxxxx
Offset 000059b0 : xxxxxxxx
Offset 000059b4 : xxxxxxxx
Offset 000059b8 : xxxxxxxx
Offset 000059bc : xxxxxxxx
Offset 000059c0 : xxxxxxxx
Offset 000059c4 : xxxxxxxx
Offset 000059c8 : xxxxxxxx
Offset 000059cc : xxxxxxxx
Offset 000059d0 : xxxxxxxx
Offset 000059d4 : xxxxxxxx
Offset 000059d8 : xxxxxxxx
Offset 000059dc : xxxxxxxx
Offset 000059e0 : xxxxxxxx
Offset 000059e4 : xxxxxxxx
Offset 000059e8 : xxxxxxxx
Offset 000059ec : xxxxxxxx
Offset 000059f0 : xxxxxxxx
Offset 000059f4 : xxxxxxxx
Offset 000059f8 : xxxxxxxx
Offset 000059fc : xxxxxxxx
Offset 00005a00 : xxxxxxxx
Offset 00005a04 : xxxxxxxx
Offset 00005a08 : xxxxxxxx
Offset 00005a0c : xxxxxxxx
Offset 00005a10 : xxxxxxxx
Offset 00005a14 : xxxxxxxx
Offset 00005a18 : xxxxxxxx
Offset 00005a1c : xxxxxxxx
Offset 00005a20 : xxxxxxxx
Offset 00005a24 : xxxxxxxx
Offset 00005a28 : xxxxxxxx
Offset 00005a2c : xxxxxxxx
Offset 00005a30 : xxxxxxxx
Offset 00005a34 : xxxxxxxx
Offset 00005a38 : xxxxxxxx
Offset 00005a3c : xxxxxxxx
Offset 00005a40 : xxxxxxxx
Offset 00005a44 : xxxxxxxx
Offset 00005a48 : xxxxxxxx
Offset 00005a4c : xxxxxxxx
Offset 00005a50 : xxxxxxxx
Offset 00005a54 : xxxxxxxx
Offset 00005a58 : xxxxxxxx
Offset 00005a5c : xxxxxxxx
Offset 00005a60 : xxxxxxxx
Offset 00005a64 : xxxxxxxx
Offset 00005a68 : xxxxxxxx
Offset 00005a6c : xxxxxxxx
Offset 00005a70 : xxxxxxxx
Offset 00005a74 : xxxxxxxx
Offset 00005a78 : xxxxxxxx
Offset 00005a7c : xxxxxxxx
Offset 00005a80 : xxxxxxxx
Offset 00005a84 : xxxxxxxx
Offset 00005a88 : xxxxxxxx
Offset 00005a8c : xxxxxxxx
Offset 00005a90 : xxxxxxxx
Offset 00005a94 : xxxxxxxx
Offset 00005a98 : xxxxxxxx
Offset 00005a9c : xxxxxxxx
Offset 00005aa0 : xxxxxxxx
Offset 00005aa4 : xxxxxxxx
Offset 00005aa8 : xxxxxxxx
Offset 00005aac : xxxxxxxx
Offset 00005ab0 : xxxxxxxx
Offset 00005ab4 : xxxxxxxx
Offset 00005ab8 : xxxxxxxx
Offset 00005abc : xxxxxxxx
Offset 00005ac0 : xxxxxxxx
Offset 00005ac4 : xxxxxxxx
Offset 00005ac8 : xxxxxxxx
Offset 00005acc : xxxxxxxx
Offset 00005ad0 : xxxxxxxx
Offset 00005ad4 : xxxxxxxx
Offset 00005ad8 : xxxxxxxx
Offset 00005adc : xxxxxxxx
Offset 00005ae0 : xxxxxxxx
Offset 00005ae4 : xxxxxxxx
Offset 00005ae8 : xxxxxxxx
Offset 00005aec : xxxxxxxx
Offset 00005af0 : xxxxxxxx
Offset 00005af4 : xxxxxxxx
Offset 00005af8 : xxxxxxxx
Offset 00005afc : xxxxxxxx
Offset 00005b00 : xxxxxxxx
Offset 00005b04 : xxxxxxxx
Offset 00005b08 : xxxxxxxx
Offset 00005b0c : xxxxxxxx
Offset 00005b10 : xxxxxxxx
Offset 00005b14 : xxxxxxxx
Offset 00005b18 : xxxxxxxx
Offset 00005b1c : xxxxxxxx
Offset 00005b20 : xxxxxxxx
Offset 00005b24 : xxxxxxxx
Offset 00005b28 : xxxxxxxx
Offset 00005b2c : xxxxxxxx
Offset 00005b30 : xxxxxxxx
Offset 00005b34 : xxxxxxxx
Offset 00005b38 : xxxxxxxx
Offset 00005b3c : xxxxxxxx
Offset 00005b40 : xxxxxxxx
Offset 00005b44 : xxxxxxxx
Offset 00005b48 : xxxxxxxx
Offset 00005b4c : xxxxxxxx
Offset 00005b50 : xxxxxxxx
Offset 00005b54 : xxxxxxxx
Offset 00005b58 : xxxxxxxx
Offset 00005b5c : xxxxxxxx
Offset 00005b60 : xxxxxxxx
Offset 00005b64 : xxxxxxxx
Offset 00005b68 : xxxxxxxx
Offset 00005b6c : xxxxxxxx
Offset 00005b70 : xxxxxxxx
Offset 00005b74 : xxxxxxxx
Offset 00005b78 : xxxxxxxx
Offset 00005b7c : xxxxxxxx
Offset 00005b80 : xxxxxxxx
Offset 00005b84 : xxxxxxxx
Offset 00005b88 : xxxxxxxx
Offset 00005b8c : xxxxxxxx
Offset 00005b90 : xxxxxxxx
Offset 00005b94 : xxxxxxxx
Offset 00005b98 : xxxxxxxx
Offset 00005b9c : xxxxxxxx
Offset 00005ba0 : xxxxxxxx
Offset 00005ba4 : xxxxxxxx
Offset 00005ba8 : xxxxxxxx
Offset 00005bac : xxxxxxxx
Offset 00005bb0 : xxxxxxxx
Offset 00005bb4 : xxxxxxxx
Offset 00005bb8 : xxxxxxxx
Offset 00005bbc : xxxxxxxx
Offset 00005bc0 : xxxxxxxx
Offset 00005bc4 : xxxxxxxx
Offset 00005bc8 : xxxxxxxx
Offset 00005bcc : xxxxxxxx
Offset 00005bd0 : xxxxxxxx
Offset 00005bd4 : xxxxxxxx
Offset 00005bd8 : xxxxxxxx
Offset 00005bdc : xxxxxxxx
Offset 00005be0 : xxxxxxxx
Offset 00005be4 : xxxxxxxx
Offset 00005be8 : xxxxxxxx
Offset 00005bec : xxxxxxxx
Offset 00005bf0 : xxxxxxxx
Offset 00005bf4 : xxxxxxxx
Offset 00005bf8 : xxxxxxxx
Offset 00005bfc : xxxxxxxx
Offset 00005c00 : xxxxxxxx
Offset 00005c04 : xxxxxxxx
Offset 00005c08 : xxxxxxxx
Offset 00005c0c : xxxxxxxx
Offset 00005c10 : xxxxxxxx
Offset 00005c14 : xxxxxxxx
Offset 00005c18 : xxxxxxxx
Offset 00005c1c : xxxxxxxx
Offset 00005c20 : xxxxxxxx
Offset 00005c24 : xxxxxxxx
Offset 00005c28 : xxxxxxxx
Offset 00005c2c : xxxxxxxx
Offset 00005c30 : xxxxxxxx
Offset 00005c34 : xxxxxxxx
Offset 00005c38 : xxxxxxxx
Offset 00005c3c : xxxxxxxx
Offset 00005c40 : xxxxxxxx
Offset 00005c44 : xxxxxxxx
Offset 00005c48 : xxxxxxxx
Offset 00005c4c : xxxxxxxx
Offset 00005c50 : xxxxxxxx
Offset 00005c54 : xxxxxxxx
Offset 00005c58 : xxxxxxxx
Offset 00005c5c : xxxxxxxx
Offset 00005c60 : xxxxxxxx
Offset 00005c64 : xxxxxxxx
Offset 00005c68 : xxxxxxxx
Offset 00005c6c : xxxxxxxx
Offset 00005c70 : xxxxxxxx
Offset 00005c74 : xxxxxxxx
Offset 00005c78 : xxxxxxxx
Offset 00005c7c : xxxxxxxx
Offset 00005c80 : xxxxxxxx
Offset 00005c84 : xxxxxxxx
Offset 00005c88 : xxxxxxxx
Offset 00005c8c : xxxxxxxx
Offset 00005c90 : xxxxxxxx
Offset 00005c94 : xxxxxxxx
Offset 00005c98 : xxxxxxxx
Offset 00005c9c : xxxxxxxx
Offset 00005ca0 : xxxxxxxx
Offset 00005ca4 : xxxxxxxx
Offset 00005ca8 : xxxxxxxx
Offset 00005cac : xxxxxxxx
Offset 00005cb0 : xxxxxxxx
Offset 00005cb4 : xxxxxxxx
Offset 00005cb8 : xxxxxxxx
Offset 00005cbc : xxxxxxxx
Offset 00005cc0 : xxxxxxxx
Offset 00005cc4 : xxxxxxxx
Offset 00005cc8 : xxxxxxxx
Offset 00005ccc : xxxxxxxx
Offset 00005cd0 : xxxxxxxx
Offset 00005cd4 : xxxxxxxx
Offset 00005cd8 : xxxxxxxx
Offset 00005cdc : xxxxxxxx
Offset 00005ce0 : xxxxxxxx
Offset 00005ce4 : xxxxxxxx
Offset 00005ce8 : xxxxxxxx
Offset 00005cec : xxxxxxxx
Offset 00005cf0 : xxxxxxxx
Offset 00005cf4 : xxxxxxxx
Offset 00005cf8 : xxxxxxxx
Offset 00005cfc : xxxxxxxx
Offset 00005d00 : xxxxxxxx
Offset 00005d04 : xxxxxxxx
Offset 00005d08 : xxxxxxxx
Offset 00005d0c : xxxxxxxx
Offset 00005d10 : xxxxxxxx
Offset 00005d14 : xxxxxxxx
Offset 00005d18 : xxxxxxxx
Offset 00005d1c : xxxxxxxx
Offset 00005d20 : xxxxxxxx
Offset 00005d24 : xxxxxxxx
Offset 00005d28 : xxxxxxxx
Offset 00005d2c : xxxxxxxx
Offset 00005d30 : xxxxxxxx
Offset 00005d34 : xxxxxxxx
Offset 00005d38 : xxxxxxxx
Offset 00005d3c : xxxxxxxx
Offset 00005d40 : xxxxxxxx
Offset 00005d44 : xxxxxxxx
Offset 00005d48 : xxxxxxxx
Offset 00005d4c : xxxxxxxx
Offset 00005d50 : xxxxxxxx
Offset 00005d54 : xxxxxxxx
Offset 00005d58 : xxxxxxxx
Offset 00005d5c : xxxxxxxx
Offset 00005d60 : xxxxxxxx
Offset 00005d64 : xxxxxxxx
Offset 00005d68 : xxxxxxxx
Offset 00005d6c : xxxxxxxx
Offset 00005d70 : xxxxxxxx
Offset 00005d74 : xxxxxxxx
Offset 00005d78 : xxxxxxxx
Offset 00005d7c : xxxxxxxx
Offset 00005d80 : xxxxxxxx
Offset 00005d84 : xxxxxxxx
Offset 00005d88 : xxxxxxxx
Offset 00005d8c : xxxxxxxx
Offset 00005d90 : xxxxxxxx
Offset 00005d94 : xxxxxxxx
Offset 00005d98 : xxxxxxxx
Offset 00005d9c : xxxxxxxx
Offset 00005da0 : xxxxxxxx
Offset 00005da4 : xxxxxxxx
Offset 00005da8 : xxxxxxxx
Offset 00005dac : xxxxxxxx
Offset 00005db0 : xxxxxxxx
Offset 00005db4 : xxxxxxxx
Offset 00005db8 : xxxxxxxx
Offset 00005dbc : xxxxxxxx
Offset 00005dc0 : xxxxxxxx
Offset 00005dc4 : xxxxxxxx
Offset 00005dc8 : xxxxxxxx
Offset 00005dcc : xxxxxxxx
Offset 00005dd0 : xxxxxxxx
Offset 00005dd4 : xxxxxxxx
Offset 00005dd8 : xxxxxxxx
Offset 00005ddc : xxxxxxxx
Offset 00005de0 : xxxxxxxx
Offset 00005de4 : xxxxxxxx
Offset 00005de8 : xxxxxxxx
Offset 00005dec : xxxxxxxx
Offset 00005df0 : xxxxxxxx
Offset 00005df4 : xxxxxxxx
Offset 00005df8 : xxxxxxxx
Offset 00005dfc : xxxxxxxx
Offset 00005e00 : xxxxxxxx
Offset 00005e04 : xxxxxxxx
Offset 00005e08 : xxxxxxxx
Offset 00005e0c : xxxxxxxx
Offset 00005e10 : xxxxxxxx
Offset 00005e14 : xxxxxxxx
Offset 00005e18 : xxxxxxxx
Offset 00005e1c : xxxxxxxx
Offset 00005e20 : xxxxxxxx
Offset 00005e24 : xxxxxxxx
Offset 00005e28 : xxxxxxxx
Offset 00005e2c : xxxxxxxx
Offset 00005e30 : xxxxxxxx
Offset 00005e34 : xxxxxxxx
Offset 00005e38 : xxxxxxxx
Offset 00005e3c : xxxxxxxx
Offset 00005e40 : xxxxxxxx
Offset 00005e44 : xxxxxxxx
Offset 00005e48 : xxxxxxxx
Offset 00005e4c : xxxxxxxx
Offset 00005e50 : xxxxxxxx
Offset 00005e54 : xxxxxxxx
Offset 00005e58 : xxxxxxxx
Offset 00005e5c : xxxxxxxx
Offset 00005e60 : xxxxxxxx
Offset 00005e64 : xxxxxxxx
Offset 00005e68 : xxxxxxxx
Offset 00005e6c : xxxxxxxx
Offset 00005e70 : xxxxxxxx
Offset 00005e74 : xxxxxxxx
Offset 00005e78 : xxxxxxxx
Offset 00005e7c : xxxxxxxx
Offset 00005e80 : xxxxxxxx
Offset 00005e84 : xxxxxxxx
Offset 00005e88 : xxxxxxxx
Offset 00005e8c : xxxxxxxx
Offset 00005e90 : xxxxxxxx
Offset 00005e94 : xxxxxxxx
Offset 00005e98 : xxxxxxxx
Offset 00005e9c : xxxxxxxx
Offset 00005ea0 : xxxxxxxx
Offset 00005ea4 : xxxxxxxx
Offset 00005ea8 : xxxxxxxx
Offset 00005eac : xxxxxxxx
Offset 00005eb0 : xxxxxxxx
Offset 00005eb4 : xxxxxxxx
Offset 00005eb8 : xxxxxxxx
Offset 00005ebc : xxxxxxxx
Offset 00005ec0 : xxxxxxxx
Offset 00005ec4 : xxxxxxxx
Offset 00005ec8 : xxxxxxxx
Offset 00005ecc : xxxxxxxx
Offset 00005ed0 : xxxxxxxx
Offset 00005ed4 : xxxxxxxx
Offset 00005ed8 : xxxxxxxx
Offset 00005edc : xxxxxxxx
Offset 00005ee0 : xxxxxxxx
Offset 00005ee4 : xxxxxxxx
Offset 00005ee8 : xxxxxxxx
Offset 00005eec : xxxxxxxx
Offset 00005ef0 : xxxxxxxx
Offset 00005ef4 : xxxxxxxx
Offset 00005ef8 : xxxxxxxx
Offset 00005efc : xxxxxxxx
Offset 00005f00 : xxxxxxxx
Offset 00005f04 : xxxxxxxx
Offset 00005f08 : xxxxxxxx
Offset 00005f0c : xxxxxxxx
Offset 00005f10 : xxxxxxxx
Offset 00005f14 : xxxxxxxx
Offset 00005f18 : xxxxxxxx
Offset 00005f1c : xxxxxxxx
Offset 00005f20 : xxxxxxxx
Offset 00005f24 : xxxxxxxx
Offset 00005f28 : xxxxxxxx
Offset 00005f2c : xxxxxxxx
Offset 00005f30 : xxxxxxxx
Offset 00005f34 : xxxxxxxx
Offset 00005f38 : xxxxxxxx
Offset 00005f3c : xxxxxxxx
Offset 00005f40 : xxxxxxxx
Offset 00005f44 : xxxxxxxx
Offset 00005f48 : xxxxxxxx
Offset 00005f4c : xxxxxxxx
Offset 00005f50 : xxxxxxxx
Offset 00005f54 : xxxxxxxx
Offset 00005f58 : xxxxxxxx
Offset 00005f5c : xxxxxxxx
Offset 00005f60 : xxxxxxxx
Offset 00005f64 : xxxxxxxx
Offset 00005f68 : xxxxxxxx
Offset 00005f6c : xxxxxxxx
Offset 00005f70 : xxxxxxxx
Offset 00005f74 : xxxxxxxx
Offset 00005f78 : xxxxxxxx
Offset 00005f7c : xxxxxxxx
Offset 00005f80 : xxxxxxxx
Offset 00005f84 : xxxxxxxx
Offset 00005f88 : xxxxxxxx
Offset 00005f8c : xxxxxxxx
Offset 00005f90 : xxxxxxxx
Offset 00005f94 : xxxxxxxx
Offset 00005f98 : xxxxxxxx
Offset 00005f9c : xxxxxxxx
Offset 00005fa0 : xxxxxxxx
Offset 00005fa4 : xxxxxxxx
Offset 00005fa8 : xxxxxxxx
Offset 00005fac : xxxxxxxx
Offset 00005fb0 : xxxxxxxx
Offset 00005fb4 : xxxxxxxx
Offset 00005fb8 : xxxxxxxx
Offset 00005fbc : xxxxxxxx
Offset 00005fc0 : xxxxxxxx
Offset 00005fc4 : xxxxxxxx
Offset 00005fc8 : xxxxxxxx
Offset 00005fcc : xxxxxxxx
Offset 00005fd0 : xxxxxxxx
Offset 00005fd4 : xxxxxxxx
Offset 00005fd8 : xxxxxxxx
Offset 00005fdc : xxxxxxxx
Offset 00005fe0 : xxxxxxxx
Offset 00005fe4 : xxxxxxxx
Offset 00005fe8 : xxxxxxxx
Offset 00005fec : xxxxxxxx
Offset 00005ff0 : xxxxxxxx
Offset 00005ff4 : xxxxxxxx
Offset 00005ff8 : xxxxxxxx
Offset 00005ffc : xxxxxxxx
Offset 00006000 : xxxxxxxx
Offset 00006004 : xxxxxxxx
Offset 00006008 : xxxxxxxx
Offset 0000600c : xxxxxxxx
Offset 00006010 : xxxxxxxx
Offset 00006014 : xxxxxxxx
Offset 00006018 : xxxxxxxx
Offset 0000601c : xxxxxxxx
Offset 00006020 : xxxxxxxx
Offset 00006024 : xxxxxxxx
Offset 00006028 : xxxxxxxx
Offset 0000602c : xxxxxxxx
Offset 00006030 : xxxxxxxx
Offset 00006034 : xxxxxxxx
Offset 00006038 : xxxxxxxx
Offset 0000603c : xxxxxxxx
Offset 00006040 : xxxxxxxx
Offset 00006044 : xxxxxxxx
Offset 00006048 : xxxxxxxx
Offset 0000604c : xxxxxxxx
Offset 00006050 : xxxxxxxx
Offset 00006054 : xxxxxxxx
Offset 00006058 : xxxxxxxx
Offset 0000605c : xxxxxxxx
Offset 00006060 : xxxxxxxx
Offset 00006064 : xxxxxxxx
Offset 00006068 : xxxxxxxx
Offset 0000606c : xxxxxxxx
Offset 00006070 : xxxxxxxx
Offset 00006074 : xxxxxxxx
Offset 00006078 : xxxxxxxx
Offset 0000607c : xxxxxxxx
Offset 00006080 : xxxxxxxx
Offset 00006084 : xxxxxxxx
Offset 00006088 : xxxxxxxx
Offset 0000608c : xxxxxxxx
Offset 00006090 : xxxxxxxx
Offset 00006094 : xxxxxxxx
Offset 00006098 : xxxxxxxx
Offset 0000609c : xxxxxxxx
Offset 000060a0 : xxxxxxxx
Offset 000060a4 : xxxxxxxx
Offset 000060a8 : xxxxxxxx
Offset 000060ac : xxxxxxxx
Offset 000060b0 : xxxxxxxx
Offset 000060b4 : xxxxxxxx
Offset 000060b8 : xxxxxxxx
Offset 000060bc : xxxxxxxx
Offset 000060c0 : xxxxxxxx
Offset 000060c4 : xxxxxxxx
Offset 000060c8 : xxxxxxxx
Offset 000060cc : xxxxxxxx
Offset 000060d0 : xxxxxxxx
Offset 000060d4 : xxxxxxxx
Offset 000060d8 : xxxxxxxx
Offset 000060dc : xxxxxxxx
Offset 000060e0 : xxxxxxxx
Offset 000060e4 : xxxxxxxx
Offset 000060e8 : xxxxxxxx
Offset 000060ec : xxxxxxxx
Offset 000060f0 : xxxxxxxx
Offset 000060f4 : xxxxxxxx
Offset 000060f8 : xxxxxxxx
Offset 000060fc : xxxxxxxx
Offset 00006100 : xxxxxxxx
Offset 00006104 : xxxxxxxx
Offset 00006108 : xxxxxxxx
Offset 0000610c : xxxxxxxx
Offset 00006110 : xxxxxxxx
Offset 00006114 : xxxxxxxx
Offset 00006118 : xxxxxxxx
Offset 0000611c : xxxxxxxx
Offset 00006120 : xxxxxxxx
Offset 00006124 : xxxxxxxx
Offset 00006128 : xxxxxxxx
Offset 0000612c : xxxxxxxx
Offset 00006130 : xxxxxxxx
Offset 00006134 : xxxxxxxx
Offset 00006138 : xxxxxxxx
Offset 0000613c : xxxxxxxx
Offset 00006140 : xxxxxxxx
Offset 00006144 : xxxxxxxx
Offset 00006148 : xxxxxxxx
Offset 0000614c : xxxxxxxx
Offset 00006150 : xxxxxxxx
Offset 00006154 : xxxxxxxx
Offset 00006158 : xxxxxxxx
Offset 0000615c : xxxxxxxx
Offset 00006160 : xxxxxxxx
Offset 00006164 : xxxxxxxx
Offset 00006168 : xxxxxxxx
Offset 0000616c : xxxxxxxx
Offset 00006170 : xxxxxxxx
Offset 00006174 : xxxxxxxx
Offset 00006178 : xxxxxxxx
Offset 0000617c : xxxxxxxx
Offset 00006180 : xxxxxxxx
Offset 00006184 : xxxxxxxx
Offset 00006188 : xxxxxxxx
Offset 0000618c : xxxxxxxx
Offset 00006190 : xxxxxxxx
Offset 00006194 : xxxxxxxx
Offset 00006198 : xxxxxxxx
Offset 0000619c : xxxxxxxx
Offset 000061a0 : xxxxxxxx
Offset 000061a4 : xxxxxxxx
Offset 000061a8 : xxxxxxxx
Offset 000061ac : xxxxxxxx
Offset 000061b0 : xxxxxxxx
Offset 000061b4 : xxxxxxxx
Offset 000061b8 : xxxxxxxx
Offset 000061bc : xxxxxxxx
Offset 000061c0 : xxxxxxxx
Offset 000061c4 : xxxxxxxx
Offset 000061c8 : xxxxxxxx
Offset 000061cc : xxxxxxxx
Offset 000061d0 : xxxxxxxx
Offset 000061d4 : xxxxxxxx
Offset 000061d8 : xxxxxxxx
Offset 000061dc : xxxxxxxx
Offset 000061e0 : xxxxxxxx
Offset 000061e4 : xxxxxxxx
Offset 000061e8 : xxxxxxxx
Offset 000061ec : xxxxxxxx
Offset 000061f0 : xxxxxxxx
Offset 000061f4 : xxxxxxxx
Offset 000061f8 : xxxxxxxx
Offset 000061fc : xxxxxxxx
Offset 00006200 : xxxxxxxx
Offset 00006204 : xxxxxxxx
Offset 00006208 : xxxxxxxx
Offset 0000620c : xxxxxxxx
Offset 00006210 : xxxxxxxx
Offset 00006214 : xxxxxxxx
Offset 00006218 : xxxxxxxx
Offset 0000621c : xxxxxxxx
Offset 00006220 : xxxxxxxx
Offset 00006224 : xxxxxxxx
Offset 00006228 : xxxxxxxx
Offset 0000622c : xxxxxxxx
Offset 00006230 : xxxxxxxx
Offset 00006234 : xxxxxxxx
Offset 00006238 : xxxxxxxx
Offset 0000623c : xxxxxxxx
Offset 00006240 : xxxxxxxx
Offset 00006244 : xxxxxxxx
Offset 00006248 : xxxxxxxx
Offset 0000624c : xxxxxxxx
Offset 00006250 : xxxxxxxx
Offset 00006254 : xxxxxxxx
Offset 00006258 : xxxxxxxx
Offset 0000625c : xxxxxxxx
Offset 00006260 : xxxxxxxx
Offset 00006264 : xxxxxxxx
Offset 00006268 : xxxxxxxx
Offset 0000626c : xxxxxxxx
Offset 00006270 : xxxxxxxx
Offset 00006274 : xxxxxxxx
Offset 00006278 : xxxxxxxx
Offset 0000627c : xxxxxxxx
Offset 00006280 : xxxxxxxx
Offset 00006284 : xxxxxxxx
Offset 00006288 : xxxxxxxx
Offset 0000628c : xxxxxxxx
Offset 00006290 : xxxxxxxx
Offset 00006294 : xxxxxxxx
Offset 00006298 : xxxxxxxx
Offset 0000629c : xxxxxxxx
Offset 000062a0 : xxxxxxxx
Offset 000062a4 : xxxxxxxx
Offset 000062a8 : xxxxxxxx
Offset 000062ac : xxxxxxxx
Offset 000062b0 : xxxxxxxx
Offset 000062b4 : xxxxxxxx
Offset 000062b8 : xxxxxxxx
Offset 000062bc : xxxxxxxx
Offset 000062c0 : xxxxxxxx
Offset 000062c4 : xxxxxxxx
Offset 000062c8 : xxxxxxxx
Offset 000062cc : xxxxxxxx
Offset 000062d0 : xxxxxxxx
Offset 000062d4 : xxxxxxxx
Offset 000062d8 : xxxxxxxx
Offset 000062dc : xxxxxxxx
Offset 000062e0 : xxxxxxxx
Offset 000062e4 : xxxxxxxx
Offset 000062e8 : xxxxxxxx
Offset 000062ec : xxxxxxxx
Offset 000062f0 : xxxxxxxx
Offset 000062f4 : xxxxxxxx
Offset 000062f8 : xxxxxxxx
Offset 000062fc : xxxxxxxx
Offset 00006300 : xxxxxxxx
Offset 00006304 : xxxxxxxx
Offset 00006308 : xxxxxxxx
Offset 0000630c : xxxxxxxx
Offset 00006310 : xxxxxxxx
Offset 00006314 : xxxxxxxx
Offset 00006318 : xxxxxxxx
Offset 0000631c : xxxxxxxx
Offset 00006320 : xxxxxxxx
Offset 00006324 : xxxxxxxx
Offset 00006328 : xxxxxxxx
Offset 0000632c : xxxxxxxx
Offset 00006330 : xxxxxxxx
Offset 00006334 : xxxxxxxx
Offset 00006338 : xxxxxxxx
Offset 0000633c : xxxxxxxx
Offset 00006340 : xxxxxxxx
Offset 00006344 : xxxxxxxx
Offset 00006348 : xxxxxxxx
Offset 0000634c : xxxxxxxx
Offset 00006350 : xxxxxxxx
Offset 00006354 : xxxxxxxx
Offset 00006358 : xxxxxxxx
Offset 0000635c : xxxxxxxx
Offset 00006360 : xxxxxxxx
Offset 00006364 : xxxxxxxx
Offset 00006368 : xxxxxxxx
Offset 0000636c : xxxxxxxx
Offset 00006370 : xxxxxxxx
Offset 00006374 : xxxxxxxx
Offset 00006378 : xxxxxxxx
Offset 0000637c : xxxxxxxx
Offset 00006380 : xxxxxxxx
Offset 00006384 : xxxxxxxx
Offset 00006388 : xxxxxxxx
Offset 0000638c : xxxxxxxx
Offset 00006390 : xxxxxxxx
Offset 00006394 : xxxxxxxx
Offset 00006398 : xxxxxxxx
Offset 0000639c : xxxxxxxx
Offset 000063a0 : xxxxxxxx
Offset 000063a4 : xxxxxxxx
Offset 000063a8 : xxxxxxxx
Offset 000063ac : xxxxxxxx
Offset 000063b0 : xxxxxxxx
Offset 000063b4 : xxxxxxxx
Offset 000063b8 : xxxxxxxx
Offset 000063bc : xxxxxxxx
Offset 000063c0 : xxxxxxxx
Offset 000063c4 : xxxxxxxx
Offset 000063c8 : xxxxxxxx
Offset 000063cc : xxxxxxxx
Offset 000063d0 : xxxxxxxx
Offset 000063d4 : xxxxxxxx
Offset 000063d8 : xxxxxxxx
Offset 000063dc : xxxxxxxx
Offset 000063e0 : xxxxxxxx
Offset 000063e4 : xxxxxxxx
Offset 000063e8 : xxxxxxxx
Offset 000063ec : xxxxxxxx
Offset 000063f0 : xxxxxxxx
Offset 000063f4 : xxxxxxxx
Offset 000063f8 : xxxxxxxx
Offset 000063fc : xxxxxxxx
Offset 00006400 : xxxxxxxx
Offset 00006404 : xxxxxxxx
Offset 00006408 : xxxxxxxx
Offset 0000640c : xxxxxxxx
Offset 00006410 : xxxxxxxx
Offset 00006414 : xxxxxxxx
Offset 00006418 : xxxxxxxx
Offset 0000641c : xxxxxxxx
Offset 00006420 : xxxxxxxx
Offset 00006424 : xxxxxxxx
Offset 00006428 : xxxxxxxx
Offset 0000642c : xxxxxxxx
Offset 00006430 : xxxxxxxx
Offset 00006434 : xxxxxxxx
Offset 00006438 : xxxxxxxx
Offset 0000643c : xxxxxxxx
Offset 00006440 : xxxxxxxx
Offset 00006444 : xxxxxxxx
Offset 00006448 : xxxxxxxx
Offset 0000644c : xxxxxxxx
Offset 00006450 : xxxxxxxx
Offset 00006454 : xxxxxxxx
Offset 00006458 : xxxxxxxx
Offset 0000645c : xxxxxxxx
Offset 00006460 : xxxxxxxx
Offset 00006464 : xxxxxxxx
Offset 00006468 : xxxxxxxx
Offset 0000646c : xxxxxxxx
Offset 00006470 : xxxxxxxx
Offset 00006474 : xxxxxxxx
Offset 00006478 : xxxxxxxx
Offset 0000647c : xxxxxxxx
Offset 00006480 : xxxxxxxx
Offset 00006484 : xxxxxxxx
Offset 00006488 : xxxxxxxx
Offset 0000648c : xxxxxxxx
Offset 00006490 : xxxxxxxx
Offset 00006494 : xxxxxxxx
Offset 00006498 : xxxxxxxx
Offset 0000649c : xxxxxxxx
Offset 000064a0 : xxxxxxxx
Offset 000064a4 : xxxxxxxx
Offset 000064a8 : xxxxxxxx
Offset 000064ac : xxxxxxxx
Offset 000064b0 : xxxxxxxx
Offset 000064b4 : xxxxxxxx
Offset 000064b8 : xxxxxxxx
Offset 000064bc : xxxxxxxx
Offset 000064c0 : xxxxxxxx
Offset 000064c4 : xxxxxxxx
Offset 000064c8 : xxxxxxxx
Offset 000064cc : xxxxxxxx
Offset 000064d0 : xxxxxxxx
Offset 000064d4 : xxxxxxxx
Offset 000064d8 : xxxxxxxx
Offset 000064dc : xxxxxxxx
Offset 000064e0 : xxxxxxxx
Offset 000064e4 : xxxxxxxx
Offset 000064e8 : xxxxxxxx
Offset 000064ec : xxxxxxxx
Offset 000064f0 : xxxxxxxx
Offset 000064f4 : xxxxxxxx
Offset 000064f8 : xxxxxxxx
Offset 000064fc : xxxxxxxx
Offset 00006500 : xxxxxxxx
Offset 00006504 : xxxxxxxx
Offset 00006508 : xxxxxxxx
Offset 0000650c : xxxxxxxx
Offset 00006510 : xxxxxxxx
Offset 00006514 : xxxxxxxx
Offset 00006518 : xxxxxxxx
Offset 0000651c : xxxxxxxx
Offset 00006520 : xxxxxxxx
Offset 00006524 : xxxxxxxx
Offset 00006528 : xxxxxxxx
Offset 0000652c : xxxxxxxx
Offset 00006530 : xxxxxxxx
Offset 00006534 : xxxxxxxx
Offset 00006538 : xxxxxxxx
Offset 0000653c : xxxxxxxx
Offset 00006540 : xxxxxxxx
Offset 00006544 : xxxxxxxx
Offset 00006548 : xxxxxxxx
Offset 0000654c : xxxxxxxx
Offset 00006550 : xxxxxxxx
Offset 00006554 : xxxxxxxx
Offset 00006558 : xxxxxxxx
Offset 0000655c : xxxxxxxx
Offset 00006560 : xxxxxxxx
Offset 00006564 : xxxxxxxx
Offset 00006568 : xxxxxxxx
Offset 0000656c : xxxxxxxx
Offset 00006570 : xxxxxxxx
Offset 00006574 : xxxxxxxx
Offset 00006578 : xxxxxxxx
Offset 0000657c : xxxxxxxx
Offset 00006580 : xxxxxxxx
Offset 00006584 : xxxxxxxx
Offset 00006588 : xxxxxxxx
Offset 0000658c : xxxxxxxx
Offset 00006590 : xxxxxxxx
Offset 00006594 : xxxxxxxx
Offset 00006598 : xxxxxxxx
Offset 0000659c : xxxxxxxx
Offset 000065a0 : xxxxxxxx
Offset 000065a4 : xxxxxxxx
Offset 000065a8 : xxxxxxxx
Offset 000065ac : xxxxxxxx
Offset 000065b0 : xxxxxxxx
Offset 000065b4 : xxxxxxxx
Offset 000065b8 : xxxxxxxx
Offset 000065bc : xxxxxxxx
Offset 000065c0 : xxxxxxxx
Offset 000065c4 : xxxxxxxx
Offset 000065c8 : xxxxxxxx
Offset 000065cc : xxxxxxxx
Offset 000065d0 : xxxxxxxx
Offset 000065d4 : xxxxxxxx
Offset 000065d8 : xxxxxxxx
Offset 000065dc : xxxxxxxx
Offset 000065e0 : xxxxxxxx
Offset 000065e4 : xxxxxxxx
Offset 000065e8 : xxxxxxxx
Offset 000065ec : xxxxxxxx
Offset 000065f0 : xxxxxxxx
Offset 000065f4 : xxxxxxxx
Offset 000065f8 : xxxxxxxx
Offset 000065fc : xxxxxxxx
Offset 00006600 : xxxxxxxx
Offset 00006604 : xxxxxxxx
Offset 00006608 : xxxxxxxx
Offset 0000660c : xxxxxxxx
Offset 00006610 : xxxxxxxx
Offset 00006614 : xxxxxxxx
Offset 00006618 : xxxxxxxx
Offset 0000661c : xxxxxxxx
Offset 00006620 : xxxxxxxx
Offset 00006624 : xxxxxxxx
Offset 00006628 : xxxxxxxx
Offset 0000662c : xxxxxxxx
Offset 00006630 : xxxxxxxx
Offset 00006634 : xxxxxxxx
Offset 00006638 : xxxxxxxx
Offset 0000663c : xxxxxxxx
Offset 00006640 : xxxxxxxx
Offset 00006644 : xxxxxxxx
Offset 00006648 : xxxxxxxx
Offset 0000664c : xxxxxxxx
Offset 00006650 : xxxxxxxx
Offset 00006654 : xxxxxxxx
Offset 00006658 : xxxxxxxx
Offset 0000665c : xxxxxxxx
Offset 00006660 : xxxxxxxx
Offset 00006664 : xxxxxxxx
Offset 00006668 : xxxxxxxx
Offset 0000666c : xxxxxxxx
Offset 00006670 : xxxxxxxx
Offset 00006674 : xxxxxxxx
Offset 00006678 : xxxxxxxx
Offset 0000667c : xxxxxxxx
Offset 00006680 : xxxxxxxx
Offset 00006684 : xxxxxxxx
Offset 00006688 : xxxxxxxx
Offset 0000668c : xxxxxxxx
Offset 00006690 : xxxxxxxx
Offset 00006694 : xxxxxxxx
Offset 00006698 : xxxxxxxx
Offset 0000669c : xxxxxxxx
Offset 000066a0 : xxxxxxxx
Offset 000066a4 : xxxxxxxx
Offset 000066a8 : xxxxxxxx
Offset 000066ac : xxxxxxxx
Offset 000066b0 : xxxxxxxx
Offset 000066b4 : xxxxxxxx
Offset 000066b8 : xxxxxxxx
Offset 000066bc : xxxxxxxx
Offset 000066c0 : xxxxxxxx
Offset 000066c4 : xxxxxxxx
Offset 000066c8 : xxxxxxxx
Offset 000066cc : xxxxxxxx
Offset 000066d0 : xxxxxxxx
Offset 000066d4 : xxxxxxxx
Offset 000066d8 : xxxxxxxx
Offset 000066dc : xxxxxxxx
Offset 000066e0 : xxxxxxxx
Offset 000066e4 : xxxxxxxx
Offset 000066e8 : xxxxxxxx
Offset 000066ec : xxxxxxxx
Offset 000066f0 : xxxxxxxx
Offset 000066f4 : xxxxxxxx
Offset 000066f8 : xxxxxxxx
Offset 000066fc : xxxxxxxx
Offset 00006700 : xxxxxxxx
Offset 00006704 : xxxxxxxx
Offset 00006708 : xxxxxxxx
Offset 0000670c : xxxxxxxx
Offset 00006710 : xxxxxxxx
Offset 00006714 : xxxxxxxx
Offset 00006718 : xxxxxxxx
Offset 0000671c : xxxxxxxx
Offset 00006720 : xxxxxxxx
Offset 00006724 : xxxxxxxx
Offset 00006728 : xxxxxxxx
Offset 0000672c : xxxxxxxx
Offset 00006730 : xxxxxxxx
Offset 00006734 : xxxxxxxx
Offset 00006738 : xxxxxxxx
Offset 0000673c : xxxxxxxx
Offset 00006740 : xxxxxxxx
Offset 00006744 : xxxxxxxx
Offset 00006748 : xxxxxxxx
Offset 0000674c : xxxxxxxx
Offset 00006750 : xxxxxxxx
Offset 00006754 : xxxxxxxx
Offset 00006758 : xxxxxxxx
Offset 0000675c : xxxxxxxx
Offset 00006760 : xxxxxxxx
Offset 00006764 : xxxxxxxx
Offset 00006768 : xxxxxxxx
Offset 0000676c : xxxxxxxx
Offset 00006770 : xxxxxxxx
Offset 00006774 : xxxxxxxx
Offset 00006778 : xxxxxxxx
Offset 0000677c : xxxxxxxx
Offset 00006780 : xxxxxxxx
Offset 00006784 : xxxxxxxx
Offset 00006788 : xxxxxxxx
Offset 0000678c : xxxxxxxx
Offset 00006790 : xxxxxxxx
Offset 00006794 : xxxxxxxx
Offset 00006798 : xxxxxxxx
Offset 0000679c : xxxxxxxx
Offset 000067a0 : xxxxxxxx
Offset 000067a4 : xxxxxxxx
Offset 000067a8 : xxxxxxxx
Offset 000067ac : xxxxxxxx
Offset 000067b0 : xxxxxxxx
Offset 000067b4 : xxxxxxxx
Offset 000067b8 : xxxxxxxx
Offset 000067bc : xxxxxxxx
Offset 000067c0 : xxxxxxxx
Offset 000067c4 : xxxxxxxx
Offset 000067c8 : xxxxxxxx
Offset 000067cc : xxxxxxxx
Offset 000067d0 : xxxxxxxx
Offset 000067d4 : xxxxxxxx
Offset 000067d8 : xxxxxxxx
Offset 000067dc : xxxxxxxx
Offset 000067e0 : xxxxxxxx
Offset 000067e4 : xxxxxxxx
Offset 000067e8 : xxxxxxxx
Offset 000067ec : xxxxxxxx
Offset 000067f0 : xxxxxxxx
Offset 000067f4 : xxxxxxxx
Offset 000067f8 : xxxxxxxx
Offset 000067fc : xxxxxxxx
Offset 00006800 : xxxxxxxx
Offset 00006804 : xxxxxxxx
Offset 00006808 : xxxxxxxx
Offset 0000680c : xxxxxxxx
Offset 00006810 : xxxxxxxx
Offset 00006814 : xxxxxxxx
Offset 00006818 : xxxxxxxx
Offset 0000681c : xxxxxxxx
Offset 00006820 : xxxxxxxx
Offset 00006824 : xxxxxxxx
Offset 00006828 : xxxxxxxx
Offset 0000682c : xxxxxxxx
Offset 00006830 : xxxxxxxx
Offset 00006834 : xxxxxxxx
Offset 00006838 : xxxxxxxx
Offset 0000683c : xxxxxxxx
Offset 00006840 : xxxxxxxx
Offset 00006844 : xxxxxxxx
Offset 00006848 : xxxxxxxx
Offset 0000684c : xxxxxxxx
Offset 00006850 : xxxxxxxx
Offset 00006854 : xxxxxxxx
Offset 00006858 : xxxxxxxx
Offset 0000685c : xxxxxxxx
Offset 00006860 : xxxxxxxx
Offset 00006864 : xxxxxxxx
Offset 00006868 : xxxxxxxx
Offset 0000686c : xxxxxxxx
Offset 00006870 : xxxxxxxx
Offset 00006874 : xxxxxxxx
Offset 00006878 : xxxxxxxx
Offset 0000687c : xxxxxxxx
Offset 00006880 : xxxxxxxx
Offset 00006884 : xxxxxxxx
Offset 00006888 : xxxxxxxx
Offset 0000688c : xxxxxxxx
Offset 00006890 : xxxxxxxx
Offset 00006894 : xxxxxxxx
Offset 00006898 : xxxxxxxx
Offset 0000689c : xxxxxxxx
Offset 000068a0 : xxxxxxxx
Offset 000068a4 : xxxxxxxx
Offset 000068a8 : xxxxxxxx
Offset 000068ac : xxxxxxxx
Offset 000068b0 : xxxxxxxx
Offset 000068b4 : xxxxxxxx
Offset 000068b8 : xxxxxxxx
Offset 000068bc : xxxxxxxx
Offset 000068c0 : xxxxxxxx
Offset 000068c4 : xxxxxxxx
Offset 000068c8 : xxxxxxxx
Offset 000068cc : xxxxxxxx
Offset 000068d0 : xxxxxxxx
Offset 000068d4 : xxxxxxxx
Offset 000068d8 : xxxxxxxx
Offset 000068dc : xxxxxxxx
Offset 000068e0 : xxxxxxxx
Offset 000068e4 : xxxxxxxx
Offset 000068e8 : xxxxxxxx
Offset 000068ec : xxxxxxxx
Offset 000068f0 : xxxxxxxx
Offset 000068f4 : xxxxxxxx
Offset 000068f8 : xxxxxxxx
Offset 000068fc : xxxxxxxx
Offset 00006900 : xxxxxxxx
Offset 00006904 : xxxxxxxx
Offset 00006908 : xxxxxxxx
Offset 0000690c : xxxxxxxx
Offset 00006910 : xxxxxxxx
Offset 00006914 : xxxxxxxx
Offset 00006918 : xxxxxxxx
Offset 0000691c : xxxxxxxx
Offset 00006920 : xxxxxxxx
Offset 00006924 : xxxxxxxx
Offset 00006928 : xxxxxxxx
Offset 0000692c : xxxxxxxx
Offset 00006930 : xxxxxxxx
Offset 00006934 : xxxxxxxx
Offset 00006938 : xxxxxxxx
Offset 0000693c : xxxxxxxx
Offset 00006940 : xxxxxxxx
Offset 00006944 : xxxxxxxx
Offset 00006948 : xxxxxxxx
Offset 0000694c : xxxxxxxx
Offset 00006950 : xxxxxxxx
Offset 00006954 : xxxxxxxx
Offset 00006958 : xxxxxxxx
Offset 0000695c : xxxxxxxx
Offset 00006960 : xxxxxxxx
Offset 00006964 : xxxxxxxx
Offset 00006968 : xxxxxxxx
Offset 0000696c : xxxxxxxx
Offset 00006970 : xxxxxxxx
Offset 00006974 : xxxxxxxx
Offset 00006978 : xxxxxxxx
Offset 0000697c : xxxxxxxx
Offset 00006980 : xxxxxxxx
Offset 00006984 : xxxxxxxx
Offset 00006988 : xxxxxxxx
Offset 0000698c : xxxxxxxx
Offset 00006990 : xxxxxxxx
Offset 00006994 : xxxxxxxx
Offset 00006998 : xxxxxxxx
Offset 0000699c : xxxxxxxx
Offset 000069a0 : xxxxxxxx
Offset 000069a4 : xxxxxxxx
Offset 000069a8 : xxxxxxxx
Offset 000069ac : xxxxxxxx
Offset 000069b0 : xxxxxxxx
Offset 000069b4 : xxxxxxxx
Offset 000069b8 : xxxxxxxx
Offset 000069bc : xxxxxxxx
Offset 000069c0 : xxxxxxxx
Offset 000069c4 : xxxxxxxx
Offset 000069c8 : xxxxxxxx
Offset 000069cc : xxxxxxxx
Offset 000069d0 : xxxxxxxx
Offset 000069d4 : xxxxxxxx
Offset 000069d8 : xxxxxxxx
Offset 000069dc : xxxxxxxx
Offset 000069e0 : xxxxxxxx
Offset 000069e4 : xxxxxxxx
Offset 000069e8 : xxxxxxxx
Offset 000069ec : xxxxxxxx
Offset 000069f0 : xxxxxxxx
Offset 000069f4 : xxxxxxxx
Offset 000069f8 : xxxxxxxx
Offset 000069fc : xxxxxxxx
Offset 00006a00 : xxxxxxxx
Offset 00006a04 : xxxxxxxx
Offset 00006a08 : xxxxxxxx
Offset 00006a0c : xxxxxxxx
Offset 00006a10 : xxxxxxxx
Offset 00006a14 : xxxxxxxx
Offset 00006a18 : xxxxxxxx
Offset 00006a1c : xxxxxxxx
Offset 00006a20 : xxxxxxxx
Offset 00006a24 : xxxxxxxx
Offset 00006a28 : xxxxxxxx
Offset 00006a2c : xxxxxxxx
Offset 00006a30 : xxxxxxxx
Offset 00006a34 : xxxxxxxx
Offset 00006a38 : xxxxxxxx
Offset 00006a3c : xxxxxxxx
Offset 00006a40 : xxxxxxxx
Offset 00006a44 : xxxxxxxx
Offset 00006a48 : xxxxxxxx
Offset 00006a4c : xxxxxxxx
Offset 00006a50 : xxxxxxxx
Offset 00006a54 : xxxxxxxx
Offset 00006a58 : xxxxxxxx
Offset 00006a5c : xxxxxxxx
Offset 00006a60 : xxxxxxxx
Offset 00006a64 : xxxxxxxx
Offset 00006a68 : xxxxxxxx
Offset 00006a6c : xxxxxxxx
Offset 00006a70 : xxxxxxxx
Offset 00006a74 : xxxxxxxx
Offset 00006a78 : xxxxxxxx
Offset 00006a7c : xxxxxxxx
Offset 00006a80 : xxxxxxxx
Offset 00006a84 : xxxxxxxx
Offset 00006a88 : xxxxxxxx
Offset 00006a8c : xxxxxxxx
Offset 00006a90 : xxxxxxxx
Offset 00006a94 : xxxxxxxx
Offset 00006a98 : xxxxxxxx
Offset 00006a9c : xxxxxxxx
Offset 00006aa0 : xxxxxxxx
Offset 00006aa4 : xxxxxxxx
Offset 00006aa8 : xxxxxxxx
Offset 00006aac : xxxxxxxx
Offset 00006ab0 : xxxxxxxx
Offset 00006ab4 : xxxxxxxx
Offset 00006ab8 : xxxxxxxx
Offset 00006abc : xxxxxxxx
Offset 00006ac0 : xxxxxxxx
Offset 00006ac4 : xxxxxxxx
Offset 00006ac8 : xxxxxxxx
Offset 00006acc : xxxxxxxx
Offset 00006ad0 : xxxxxxxx
Offset 00006ad4 : xxxxxxxx
Offset 00006ad8 : xxxxxxxx
Offset 00006adc : xxxxxxxx
Offset 00006ae0 : xxxxxxxx
Offset 00006ae4 : xxxxxxxx
Offset 00006ae8 : xxxxxxxx
Offset 00006aec : xxxxxxxx
Offset 00006af0 : xxxxxxxx
Offset 00006af4 : xxxxxxxx
Offset 00006af8 : xxxxxxxx
Offset 00006afc : xxxxxxxx
Offset 00006b00 : xxxxxxxx
Offset 00006b04 : xxxxxxxx
Offset 00006b08 : xxxxxxxx
Offset 00006b0c : xxxxxxxx
Offset 00006b10 : xxxxxxxx
Offset 00006b14 : xxxxxxxx
Offset 00006b18 : xxxxxxxx
Offset 00006b1c : xxxxxxxx
Offset 00006b20 : xxxxxxxx
Offset 00006b24 : xxxxxxxx
Offset 00006b28 : xxxxxxxx
Offset 00006b2c : xxxxxxxx
Offset 00006b30 : xxxxxxxx
Offset 00006b34 : xxxxxxxx
Offset 00006b38 : xxxxxxxx
Offset 00006b3c : xxxxxxxx
Offset 00006b40 : xxxxxxxx
Offset 00006b44 : xxxxxxxx
Offset 00006b48 : xxxxxxxx
Offset 00006b4c : xxxxxxxx
Offset 00006b50 : xxxxxxxx
Offset 00006b54 : xxxxxxxx
Offset 00006b58 : xxxxxxxx
Offset 00006b5c : xxxxxxxx
Offset 00006b60 : xxxxxxxx
Offset 00006b64 : xxxxxxxx
Offset 00006b68 : xxxxxxxx
Offset 00006b6c : xxxxxxxx
Offset 00006b70 : xxxxxxxx
Offset 00006b74 : xxxxxxxx
Offset 00006b78 : xxxxxxxx
Offset 00006b7c : xxxxxxxx
Offset 00006b80 : xxxxxxxx
Offset 00006b84 : xxxxxxxx
Offset 00006b88 : xxxxxxxx
Offset 00006b8c : xxxxxxxx
Offset 00006b90 : xxxxxxxx
Offset 00006b94 : xxxxxxxx
Offset 00006b98 : xxxxxxxx
Offset 00006b9c : xxxxxxxx
Offset 00006ba0 : xxxxxxxx
Offset 00006ba4 : xxxxxxxx
Offset 00006ba8 : xxxxxxxx
Offset 00006bac : xxxxxxxx
Offset 00006bb0 : xxxxxxxx
Offset 00006bb4 : xxxxxxxx
Offset 00006bb8 : xxxxxxxx
Offset 00006bbc : xxxxxxxx
Offset 00006bc0 : xxxxxxxx
Offset 00006bc4 : xxxxxxxx
Offset 00006bc8 : xxxxxxxx
Offset 00006bcc : xxxxxxxx
Offset 00006bd0 : xxxxxxxx
Offset 00006bd4 : xxxxxxxx
Offset 00006bd8 : xxxxxxxx
Offset 00006bdc : xxxxxxxx
Offset 00006be0 : xxxxxxxx
Offset 00006be4 : xxxxxxxx
Offset 00006be8 : xxxxxxxx
Offset 00006bec : xxxxxxxx
Offset 00006bf0 : xxxxxxxx
Offset 00006bf4 : xxxxxxxx
Offset 00006bf8 : xxxxxxxx
Offset 00006bfc : xxxxxxxx
Offset 00006c00 : xxxxxxxx
Offset 00006c04 : xxxxxxxx
Offset 00006c08 : xxxxxxxx
Offset 00006c0c : xxxxxxxx
Offset 00006c10 : xxxxxxxx
Offset 00006c14 : xxxxxxxx
Offset 00006c18 : xxxxxxxx
Offset 00006c1c : xxxxxxxx
Offset 00006c20 : xxxxxxxx
Offset 00006c24 : xxxxxxxx
Offset 00006c28 : xxxxxxxx
Offset 00006c2c : xxxxxxxx
Offset 00006c30 : xxxxxxxx
Offset 00006c34 : xxxxxxxx
Offset 00006c38 : xxxxxxxx
Offset 00006c3c : xxxxxxxx
Offset 00006c40 : xxxxxxxx
Offset 00006c44 : xxxxxxxx
Offset 00006c48 : xxxxxxxx
Offset 00006c4c : xxxxxxxx
Offset 00006c50 : xxxxxxxx
Offset 00006c54 : xxxxxxxx
Offset 00006c58 : xxxxxxxx
Offset 00006c5c : xxxxxxxx
Offset 00006c60 : xxxxxxxx
Offset 00006c64 : xxxxxxxx
Offset 00006c68 : xxxxxxxx
Offset 00006c6c : xxxxxxxx
Offset 00006c70 : xxxxxxxx
Offset 00006c74 : xxxxxxxx
Offset 00006c78 : xxxxxxxx
Offset 00006c7c : xxxxxxxx
Offset 00006c80 : xxxxxxxx
Offset 00006c84 : xxxxxxxx
Offset 00006c88 : xxxxxxxx
Offset 00006c8c : xxxxxxxx
Offset 00006c90 : xxxxxxxx
Offset 00006c94 : xxxxxxxx
Offset 00006c98 : xxxxxxxx
Offset 00006c9c : xxxxxxxx
Offset 00006ca0 : xxxxxxxx
Offset 00006ca4 : xxxxxxxx
Offset 00006ca8 : xxxxxxxx
Offset 00006cac : xxxxxxxx
Offset 00006cb0 : xxxxxxxx
Offset 00006cb4 : xxxxxxxx
Offset 00006cb8 : xxxxxxxx
Offset 00006cbc : xxxxxxxx
Offset 00006cc0 : xxxxxxxx
Offset 00006cc4 : xxxxxxxx
Offset 00006cc8 : xxxxxxxx
Offset 00006ccc : xxxxxxxx
Offset 00006cd0 : xxxxxxxx
Offset 00006cd4 : xxxxxxxx
Offset 00006cd8 : xxxxxxxx
Offset 00006cdc : xxxxxxxx
Offset 00006ce0 : xxxxxxxx
Offset 00006ce4 : xxxxxxxx
Offset 00006ce8 : xxxxxxxx
Offset 00006cec : xxxxxxxx
Offset 00006cf0 : xxxxxxxx
Offset 00006cf4 : xxxxxxxx
Offset 00006cf8 : xxxxxxxx
Offset 00006cfc : xxxxxxxx
Offset 00006d00 : xxxxxxxx
Offset 00006d04 : xxxxxxxx
Offset 00006d08 : xxxxxxxx
Offset 00006d0c : xxxxxxxx
Offset 00006d10 : xxxxxxxx
Offset 00006d14 : xxxxxxxx
Offset 00006d18 : xxxxxxxx
Offset 00006d1c : xxxxxxxx
Offset 00006d20 : xxxxxxxx
Offset 00006d24 : xxxxxxxx
Offset 00006d28 : xxxxxxxx
Offset 00006d2c : xxxxxxxx
Offset 00006d30 : xxxxxxxx
Offset 00006d34 : xxxxxxxx
Offset 00006d38 : xxxxxxxx
Offset 00006d3c : xxxxxxxx
Offset 00006d40 : xxxxxxxx
Offset 00006d44 : xxxxxxxx
Offset 00006d48 : xxxxxxxx
Offset 00006d4c : xxxxxxxx
Offset 00006d50 : xxxxxxxx
Offset 00006d54 : xxxxxxxx
Offset 00006d58 : xxxxxxxx
Offset 00006d5c : xxxxxxxx
Offset 00006d60 : xxxxxxxx
Offset 00006d64 : xxxxxxxx
Offset 00006d68 : xxxxxxxx
Offset 00006d6c : xxxxxxxx
Offset 00006d70 : xxxxxxxx
Offset 00006d74 : xxxxxxxx
Offset 00006d78 : xxxxxxxx
Offset 00006d7c : xxxxxxxx
Offset 00006d80 : xxxxxxxx
Offset 00006d84 : xxxxxxxx
Offset 00006d88 : xxxxxxxx
Offset 00006d8c : xxxxxxxx
Offset 00006d90 : xxxxxxxx
Offset 00006d94 : xxxxxxxx
Offset 00006d98 : xxxxxxxx
Offset 00006d9c : xxxxxxxx
Offset 00006da0 : xxxxxxxx
Offset 00006da4 : xxxxxxxx
Offset 00006da8 : xxxxxxxx
Offset 00006dac : xxxxxxxx
Offset 00006db0 : xxxxxxxx
Offset 00006db4 : xxxxxxxx
Offset 00006db8 : xxxxxxxx
Offset 00006dbc : xxxxxxxx
Offset 00006dc0 : xxxxxxxx
Offset 00006dc4 : xxxxxxxx
Offset 00006dc8 : xxxxxxxx
Offset 00006dcc : xxxxxxxx
Offset 00006dd0 : xxxxxxxx
Offset 00006dd4 : xxxxxxxx
Offset 00006dd8 : xxxxxxxx
Offset 00006ddc : xxxxxxxx
Offset 00006de0 : xxxxxxxx
Offset 00006de4 : xxxxxxxx
Offset 00006de8 : xxxxxxxx
Offset 00006dec : xxxxxxxx
Offset 00006df0 : xxxxxxxx
Offset 00006df4 : xxxxxxxx
Offset 00006df8 : xxxxxxxx
Offset 00006dfc : xxxxxxxx
Offset 00006e00 : xxxxxxxx
Offset 00006e04 : xxxxxxxx
Offset 00006e08 : xxxxxxxx
Offset 00006e0c : xxxxxxxx
Offset 00006e10 : xxxxxxxx
Offset 00006e14 : xxxxxxxx
Offset 00006e18 : xxxxxxxx
Offset 00006e1c : xxxxxxxx
Offset 00006e20 : xxxxxxxx
Offset 00006e24 : xxxxxxxx
Offset 00006e28 : xxxxxxxx
Offset 00006e2c : xxxxxxxx
Offset 00006e30 : xxxxxxxx
Offset 00006e34 : xxxxxxxx
Offset 00006e38 : xxxxxxxx
Offset 00006e3c : xxxxxxxx
Offset 00006e40 : xxxxxxxx
Offset 00006e44 : xxxxxxxx
Offset 00006e48 : xxxxxxxx
Offset 00006e4c : xxxxxxxx
Offset 00006e50 : xxxxxxxx
Offset 00006e54 : xxxxxxxx
Offset 00006e58 : xxxxxxxx
Offset 00006e5c : xxxxxxxx
Offset 00006e60 : xxxxxxxx
Offset 00006e64 : xxxxxxxx
Offset 00006e68 : xxxxxxxx
Offset 00006e6c : xxxxxxxx
Offset 00006e70 : xxxxxxxx
Offset 00006e74 : xxxxxxxx
Offset 00006e78 : xxxxxxxx
Offset 00006e7c : xxxxxxxx
Offset 00006e80 : xxxxxxxx
Offset 00006e84 : xxxxxxxx
Offset 00006e88 : xxxxxxxx
Offset 00006e8c : xxxxxxxx
Offset 00006e90 : xxxxxxxx
Offset 00006e94 : xxxxxxxx
Offset 00006e98 : xxxxxxxx
Offset 00006e9c : xxxxxxxx
Offset 00006ea0 : xxxxxxxx
Offset 00006ea4 : xxxxxxxx
Offset 00006ea8 : xxxxxxxx
Offset 00006eac : xxxxxxxx
Offset 00006eb0 : xxxxxxxx
Offset 00006eb4 : xxxxxxxx
Offset 00006eb8 : xxxxxxxx
Offset 00006ebc : xxxxxxxx
Offset 00006ec0 : xxxxxxxx
Offset 00006ec4 : xxxxxxxx
Offset 00006ec8 : xxxxxxxx
Offset 00006ecc : xxxxxxxx
Offset 00006ed0 : xxxxxxxx
Offset 00006ed4 : xxxxxxxx
Offset 00006ed8 : xxxxxxxx
Offset 00006edc : xxxxxxxx
Offset 00006ee0 : xxxxxxxx
Offset 00006ee4 : xxxxxxxx
Offset 00006ee8 : xxxxxxxx
Offset 00006eec : xxxxxxxx
Offset 00006ef0 : xxxxxxxx
Offset 00006ef4 : xxxxxxxx
Offset 00006ef8 : xxxxxxxx
Offset 00006efc : xxxxxxxx
Offset 00006f00 : xxxxxxxx
Offset 00006f04 : xxxxxxxx
Offset 00006f08 : xxxxxxxx
Offset 00006f0c : xxxxxxxx
Offset 00006f10 : xxxxxxxx
Offset 00006f14 : xxxxxxxx
Offset 00006f18 : xxxxxxxx
Offset 00006f1c : xxxxxxxx
Offset 00006f20 : xxxxxxxx
Offset 00006f24 : xxxxxxxx
Offset 00006f28 : xxxxxxxx
Offset 00006f2c : xxxxxxxx
Offset 00006f30 : xxxxxxxx
Offset 00006f34 : xxxxxxxx
Offset 00006f38 : xxxxxxxx
Offset 00006f3c : xxxxxxxx
Offset 00006f40 : xxxxxxxx
Offset 00006f44 : xxxxxxxx
Offset 00006f48 : xxxxxxxx
Offset 00006f4c : xxxxxxxx
Offset 00006f50 : xxxxxxxx
Offset 00006f54 : xxxxxxxx
Offset 00006f58 : xxxxxxxx
Offset 00006f5c : xxxxxxxx
Offset 00006f60 : xxxxxxxx
Offset 00006f64 : xxxxxxxx
Offset 00006f68 : xxxxxxxx
Offset 00006f6c : xxxxxxxx
Offset 00006f70 : xxxxxxxx
Offset 00006f74 : xxxxxxxx
Offset 00006f78 : xxxxxxxx
Offset 00006f7c : xxxxxxxx
Offset 00006f80 : xxxxxxxx
Offset 00006f84 : xxxxxxxx
Offset 00006f88 : xxxxxxxx
Offset 00006f8c : xxxxxxxx
Offset 00006f90 : xxxxxxxx
Offset 00006f94 : xxxxxxxx
Offset 00006f98 : xxxxxxxx
Offset 00006f9c : xxxxxxxx
Offset 00006fa0 : xxxxxxxx
Offset 00006fa4 : xxxxxxxx
Offset 00006fa8 : xxxxxxxx
Offset 00006fac : xxxxxxxx
Offset 00006fb0 : xxxxxxxx
Offset 00006fb4 : xxxxxxxx
Offset 00006fb8 : xxxxxxxx
Offset 00006fbc : xxxxxxxx
Offset 00006fc0 : xxxxxxxx
Offset 00006fc4 : xxxxxxxx
Offset 00006fc8 : xxxxxxxx
Offset 00006fcc : xxxxxxxx
Offset 00006fd0 : xxxxxxxx
Offset 00006fd4 : xxxxxxxx
Offset 00006fd8 : xxxxxxxx
Offset 00006fdc : xxxxxxxx
Offset 00006fe0 : xxxxxxxx
Offset 00006fe4 : xxxxxxxx
Offset 00006fe8 : xxxxxxxx
Offset 00006fec : xxxxxxxx
Offset 00006ff0 : xxxxxxxx
Offset 00006ff4 : xxxxxxxx
Offset 00006ff8 : xxxxxxxx
Offset 00006ffc : xxxxxxxx
